[0.421s] Invoking command in '/home/erictom97/ros2_ws/build/my_py_pkg': PYTHONPATH=/home/erictom97/ros2_ws/build/my_py_pkg/prefix_override:/home/erictom97/ros2_ws/install/my_py_pkg/lib/python3.10/site-packages:${PYTHONPATH} /usr/bin/python3 -W ignore:setup.py install is deprecated setup.py develop --uninstall --editable --build-directory /home/erictom97/ros2_ws/build/my_py_pkg/build
[0.587s] running develop
[0.667s] Removing /home/erictom97/ros2_ws/install/my_py_pkg/lib/python3.10/site-packages/my-py-pkg.egg-link (link to .)
[0.687s] Invoked command in '/home/erictom97/ros2_ws/build/my_py_pkg' returned '0': PYTHONPATH=/home/erictom97/ros2_ws/build/my_py_pkg/prefix_override:/home/erictom97/ros2_ws/install/my_py_pkg/lib/python3.10/site-packages:${PYTHONPATH} /usr/bin/python3 -W ignore:setup.py install is deprecated setup.py develop --uninstall --editable --build-directory /home/erictom97/ros2_ws/build/my_py_pkg/build
[0.689s] Invoking command in '/home/erictom97/ros2_ws/src/my_py_pkg': PYTHONPATH=/home/erictom97/ros2_ws/build/my_py_pkg/prefix_override:/home/erictom97/ros2_ws/install/my_py_pkg/lib/python3.10/site-packages:${PYTHONPATH} /usr/bin/python3 -W ignore:setup.py install is deprecated setup.py egg_info --egg-base ../../build/my_py_pkg build --build-base /home/erictom97/ros2_ws/build/my_py_pkg/build install --record /home/erictom97/ros2_ws/build/my_py_pkg/install.log --single-version-externally-managed install_data --force
[0.849s] running egg_info
[0.849s] writing ../../build/my_py_pkg/my_py_pkg.egg-info/PKG-INFO
[0.850s] writing dependency_links to ../../build/my_py_pkg/my_py_pkg.egg-info/dependency_links.txt
[0.850s] writing entry points to ../../build/my_py_pkg/my_py_pkg.egg-info/entry_points.txt
[0.850s] writing requirements to ../../build/my_py_pkg/my_py_pkg.egg-info/requires.txt
[0.850s] writing top-level names to ../../build/my_py_pkg/my_py_pkg.egg-info/top_level.txt
[0.851s] reading manifest file '../../build/my_py_pkg/my_py_pkg.egg-info/SOURCES.txt'
[0.852s] writing manifest file '../../build/my_py_pkg/my_py_pkg.egg-info/SOURCES.txt'
[0.853s] running build
[0.853s] running build_py
[0.853s] copying my_py_pkg/number_publisher.py -> /home/erictom97/ros2_ws/build/my_py_pkg/build/lib/my_py_pkg
[0.854s] copying my_py_pkg/add_two_ints_server.py -> /home/erictom97/ros2_ws/build/my_py_pkg/build/lib/my_py_pkg
[0.854s] copying my_py_pkg/add_two_ints_client_no_oop.py -> /home/erictom97/ros2_ws/build/my_py_pkg/build/lib/my_py_pkg
[0.854s] copying my_py_pkg/number_counter.py -> /home/erictom97/ros2_ws/build/my_py_pkg/build/lib/my_py_pkg
[0.854s] copying my_py_pkg/robot_news_station.py -> /home/erictom97/ros2_ws/build/my_py_pkg/build/lib/my_py_pkg
[0.854s] copying my_py_pkg/template_node.py -> /home/erictom97/ros2_ws/build/my_py_pkg/build/lib/my_py_pkg
[0.854s] copying my_py_pkg/smartphone.py -> /home/erictom97/ros2_ws/build/my_py_pkg/build/lib/my_py_pkg
[0.854s] copying my_py_pkg/add_two_ints_client.py -> /home/erictom97/ros2_ws/build/my_py_pkg/build/lib/my_py_pkg
[0.854s] running install
[0.854s] running install_lib
[0.854s] creating /home/erictom97/ros2_ws/install/my_py_pkg/lib/python3.10/site-packages/my_py_pkg
[0.854s] copying /home/erictom97/ros2_ws/build/my_py_pkg/build/lib/my_py_pkg/number_publisher.py -> /home/erictom97/ros2_ws/install/my_py_pkg/lib/python3.10/site-packages/my_py_pkg
[0.854s] copying /home/erictom97/ros2_ws/build/my_py_pkg/build/lib/my_py_pkg/__init__.py -> /home/erictom97/ros2_ws/install/my_py_pkg/lib/python3.10/site-packages/my_py_pkg
[0.854s] copying /home/erictom97/ros2_ws/build/my_py_pkg/build/lib/my_py_pkg/add_two_ints_server.py -> /home/erictom97/ros2_ws/install/my_py_pkg/lib/python3.10/site-packages/my_py_pkg
[0.854s] copying /home/erictom97/ros2_ws/build/my_py_pkg/build/lib/my_py_pkg/add_two_ints_client_no_oop.py -> /home/erictom97/ros2_ws/install/my_py_pkg/lib/python3.10/site-packages/my_py_pkg
[0.854s] copying /home/erictom97/ros2_ws/build/my_py_pkg/build/lib/my_py_pkg/number_counter.py -> /home/erictom97/ros2_ws/install/my_py_pkg/lib/python3.10/site-packages/my_py_pkg
[0.854s] copying /home/erictom97/ros2_ws/build/my_py_pkg/build/lib/my_py_pkg/robot_news_station.py -> /home/erictom97/ros2_ws/install/my_py_pkg/lib/python3.10/site-packages/my_py_pkg
[0.854s] copying /home/erictom97/ros2_ws/build/my_py_pkg/build/lib/my_py_pkg/template_node.py -> /home/erictom97/ros2_ws/install/my_py_pkg/lib/python3.10/site-packages/my_py_pkg
[0.854s] copying /home/erictom97/ros2_ws/build/my_py_pkg/build/lib/my_py_pkg/my_first_node.py -> /home/erictom97/ros2_ws/install/my_py_pkg/lib/python3.10/site-packages/my_py_pkg
[0.854s] copying /home/erictom97/ros2_ws/build/my_py_pkg/build/lib/my_py_pkg/my_first_node_OOP.py -> /home/erictom97/ros2_ws/install/my_py_pkg/lib/python3.10/site-packages/my_py_pkg
[0.854s] copying /home/erictom97/ros2_ws/build/my_py_pkg/build/lib/my_py_pkg/smartphone.py -> /home/erictom97/ros2_ws/install/my_py_pkg/lib/python3.10/site-packages/my_py_pkg
[0.854s] copying /home/erictom97/ros2_ws/build/my_py_pkg/build/lib/my_py_pkg/add_two_ints_client.py -> /home/erictom97/ros2_ws/install/my_py_pkg/lib/python3.10/site-packages/my_py_pkg
[0.854s] byte-compiling /home/erictom97/ros2_ws/install/my_py_pkg/lib/python3.10/site-packages/my_py_pkg/number_publisher.py to number_publisher.cpython-310.pyc
[0.855s] byte-compiling /home/erictom97/ros2_ws/install/my_py_pkg/lib/python3.10/site-packages/my_py_pkg/__init__.py to __init__.cpython-310.pyc
[0.855s] byte-compiling /home/erictom97/ros2_ws/install/my_py_pkg/lib/python3.10/site-packages/my_py_pkg/add_two_ints_server.py to add_two_ints_server.cpython-310.pyc
[0.855s] byte-compiling /home/erictom97/ros2_ws/install/my_py_pkg/lib/python3.10/site-packages/my_py_pkg/add_two_ints_client_no_oop.py to add_two_ints_client_no_oop.cpython-310.pyc
[0.855s] byte-compiling /home/erictom97/ros2_ws/install/my_py_pkg/lib/python3.10/site-packages/my_py_pkg/number_counter.py to number_counter.cpython-310.pyc
[0.855s] byte-compiling /home/erictom97/ros2_ws/install/my_py_pkg/lib/python3.10/site-packages/my_py_pkg/robot_news_station.py to robot_news_station.cpython-310.pyc
[0.855s] byte-compiling /home/erictom97/ros2_ws/install/my_py_pkg/lib/python3.10/site-packages/my_py_pkg/template_node.py to template_node.cpython-310.pyc
[0.855s] byte-compiling /home/erictom97/ros2_ws/install/my_py_pkg/lib/python3.10/site-packages/my_py_pkg/my_first_node.py to my_first_node.cpython-310.pyc
[0.856s] byte-compiling /home/erictom97/ros2_ws/install/my_py_pkg/lib/python3.10/site-packages/my_py_pkg/my_first_node_OOP.py to my_first_node_OOP.cpython-310.pyc
[0.856s] byte-compiling /home/erictom97/ros2_ws/install/my_py_pkg/lib/python3.10/site-packages/my_py_pkg/smartphone.py to smartphone.cpython-310.pyc
[0.856s] byte-compiling /home/erictom97/ros2_ws/install/my_py_pkg/lib/python3.10/site-packages/my_py_pkg/add_two_ints_client.py to add_two_ints_client.cpython-310.pyc
[0.856s] running install_data
[0.856s] copying resource/my_py_pkg -> /home/erictom97/ros2_ws/install/my_py_pkg/share/ament_index/resource_index/packages
[0.856s] copying package.xml -> /home/erictom97/ros2_ws/install/my_py_pkg/share/my_py_pkg
[0.856s] running install_egg_info
[0.857s] Copying ../../build/my_py_pkg/my_py_pkg.egg-info to /home/erictom97/ros2_ws/install/my_py_pkg/lib/python3.10/site-packages/my_py_pkg-0.0.0-py3.10.egg-info
[0.858s] running install_scripts
[0.874s] Installing add_two_ints_client script to /home/erictom97/ros2_ws/install/my_py_pkg/lib/my_py_pkg
[0.874s] Installing add_two_ints_client_no_oop script to /home/erictom97/ros2_ws/install/my_py_pkg/lib/my_py_pkg
[0.874s] Installing add_two_ints_server script to /home/erictom97/ros2_ws/install/my_py_pkg/lib/my_py_pkg
[0.874s] Installing number_counter script to /home/erictom97/ros2_ws/install/my_py_pkg/lib/my_py_pkg
[0.874s] Installing number_publisher script to /home/erictom97/ros2_ws/install/my_py_pkg/lib/my_py_pkg
[0.875s] Installing py_node script to /home/erictom97/ros2_ws/install/my_py_pkg/lib/my_py_pkg
[0.875s] Installing py_node2 script to /home/erictom97/ros2_ws/install/my_py_pkg/lib/my_py_pkg
[0.875s] Installing robot_news_station script to /home/erictom97/ros2_ws/install/my_py_pkg/lib/my_py_pkg
[0.875s] Installing smartphone script to /home/erictom97/ros2_ws/install/my_py_pkg/lib/my_py_pkg
[0.875s] writing list of installed files to '/home/erictom97/ros2_ws/build/my_py_pkg/install.log'
[0.893s] Invoked command in '/home/erictom97/ros2_ws/src/my_py_pkg' returned '0': PYTHONPATH=/home/erictom97/ros2_ws/build/my_py_pkg/prefix_override:/home/erictom97/ros2_ws/install/my_py_pkg/lib/python3.10/site-packages:${PYTHONPATH} /usr/bin/python3 -W ignore:setup.py install is deprecated setup.py egg_info --egg-base ../../build/my_py_pkg build --build-base /home/erictom97/ros2_ws/build/my_py_pkg/build install --record /home/erictom97/ros2_ws/build/my_py_pkg/install.log --single-version-externally-managed install_data --force
