[0.304s] Invoking command in '/home/erictom97/ros2_ws/src/my_py_pkg': PYTHONPATH=/home/erictom97/ros2_ws/build/my_py_pkg/prefix_override:/home/erictom97/ros2_ws/install/my_py_pkg/lib/python3.10/site-packages:${PYTHONPATH} /usr/bin/python3 -W ignore:setup.py install is deprecated setup.py egg_info --egg-base ../../build/my_py_pkg build --build-base /home/erictom97/ros2_ws/build/my_py_pkg/build install --record /home/erictom97/ros2_ws/build/my_py_pkg/install.log --single-version-externally-managed install_data
[0.421s] running egg_info
[0.421s] writing ../../build/my_py_pkg/my_py_pkg.egg-info/PKG-INFO
[0.421s] writing dependency_links to ../../build/my_py_pkg/my_py_pkg.egg-info/dependency_links.txt
[0.422s] writing entry points to ../../build/my_py_pkg/my_py_pkg.egg-info/entry_points.txt
[0.422s] writing requirements to ../../build/my_py_pkg/my_py_pkg.egg-info/requires.txt
[0.422s] writing top-level names to ../../build/my_py_pkg/my_py_pkg.egg-info/top_level.txt
[0.423s] reading manifest file '../../build/my_py_pkg/my_py_pkg.egg-info/SOURCES.txt'
[0.423s] writing manifest file '../../build/my_py_pkg/my_py_pkg.egg-info/SOURCES.txt'
[0.423s] running build
[0.423s] running build_py
[0.424s] copying my_py_pkg/my_first_node_OOP.py -> /home/erictom97/ros2_ws/build/my_py_pkg/build/lib/my_py_pkg
[0.424s] running install
[0.424s] running install_lib
[0.424s] copying /home/erictom97/ros2_ws/build/my_py_pkg/build/lib/my_py_pkg/my_first_node_OOP.py -> /home/erictom97/ros2_ws/install/my_py_pkg/lib/python3.10/site-packages/my_py_pkg
[0.425s] byte-compiling /home/erictom97/ros2_ws/install/my_py_pkg/lib/python3.10/site-packages/my_py_pkg/my_first_node_OOP.py to my_first_node_OOP.cpython-310.pyc
[0.425s] running install_data
[0.425s] running install_egg_info
[0.426s] removing '/home/erictom97/ros2_ws/install/my_py_pkg/lib/python3.10/site-packages/my_py_pkg-0.0.0-py3.10.egg-info' (and everything under it)
[0.426s] Copying ../../build/my_py_pkg/my_py_pkg.egg-info to /home/erictom97/ros2_ws/install/my_py_pkg/lib/python3.10/site-packages/my_py_pkg-0.0.0-py3.10.egg-info
[0.427s] running install_scripts
[0.439s] Installing py_node script to /home/erictom97/ros2_ws/install/my_py_pkg/lib/my_py_pkg
[0.440s] Installing py_node2 script to /home/erictom97/ros2_ws/install/my_py_pkg/lib/my_py_pkg
[0.440s] writing list of installed files to '/home/erictom97/ros2_ws/build/my_py_pkg/install.log'
[0.454s] Invoked command in '/home/erictom97/ros2_ws/src/my_py_pkg' returned '0': PYTHONPATH=/home/erictom97/ros2_ws/build/my_py_pkg/prefix_override:/home/erictom97/ros2_ws/install/my_py_pkg/lib/python3.10/site-packages:${PYTHONPATH} /usr/bin/python3 -W ignore:setup.py install is deprecated setup.py egg_info --egg-base ../../build/my_py_pkg build --build-base /home/erictom97/ros2_ws/build/my_py_pkg/build install --record /home/erictom97/ros2_ws/build/my_py_pkg/install.log --single-version-externally-managed install_data
