[0.350s] Invoking command in '/home/erictom97/ros2_ws/build/my_py_pkg': PYTHONPATH=/home/erictom97/ros2_ws/build/my_py_pkg/prefix_override:/home/erictom97/ros2_ws/install/my_py_pkg/lib/python3.10/site-packages:${PYTHONPATH} /usr/bin/python3 -W ignore:setup.py install is deprecated setup.py develop --editable --build-directory /home/erictom97/ros2_ws/build/my_py_pkg/build --no-deps symlink_data
[0.500s] running develop
[0.604s] running egg_info
[0.604s] writing my_py_pkg.egg-info/PKG-INFO
[0.604s] writing dependency_links to my_py_pkg.egg-info/dependency_links.txt
[0.605s] writing entry points to my_py_pkg.egg-info/entry_points.txt
[0.605s] writing requirements to my_py_pkg.egg-info/requires.txt
[0.605s] writing top-level names to my_py_pkg.egg-info/top_level.txt
[0.606s] reading manifest file 'my_py_pkg.egg-info/SOURCES.txt'
[0.606s] writing manifest file 'my_py_pkg.egg-info/SOURCES.txt'
[0.607s] running build_ext
[0.607s] Creating /home/erictom97/ros2_ws/install/my_py_pkg/lib/python3.10/site-packages/my-py-pkg.egg-link (link to .)
[0.608s] Installing number_counter script to /home/erictom97/ros2_ws/install/my_py_pkg/lib/my_py_pkg
[0.608s] Installing number_publisher script to /home/erictom97/ros2_ws/install/my_py_pkg/lib/my_py_pkg
[0.608s] Installing py_node script to /home/erictom97/ros2_ws/install/my_py_pkg/lib/my_py_pkg
[0.608s] Installing py_node2 script to /home/erictom97/ros2_ws/install/my_py_pkg/lib/my_py_pkg
[0.608s] Installing robot_news_station script to /home/erictom97/ros2_ws/install/my_py_pkg/lib/my_py_pkg
[0.608s] Installing smartphone script to /home/erictom97/ros2_ws/install/my_py_pkg/lib/my_py_pkg
[0.608s] 
[0.608s] Installed /home/erictom97/ros2_ws/build/my_py_pkg
[0.608s] running symlink_data
[0.636s] Invoked command in '/home/erictom97/ros2_ws/build/my_py_pkg' returned '0': PYTHONPATH=/home/erictom97/ros2_ws/build/my_py_pkg/prefix_override:/home/erictom97/ros2_ws/install/my_py_pkg/lib/python3.10/site-packages:${PYTHONPATH} /usr/bin/python3 -W ignore:setup.py install is deprecated setup.py develop --editable --build-directory /home/erictom97/ros2_ws/build/my_py_pkg/build --no-deps symlink_data
