[0.332s] Invoking command in '/home/erictom97/ros2_ws/build/my_py_pkg': PYTHONPATH=/home/erictom97/ros2_ws/build/my_py_pkg/prefix_override:/home/erictom97/ros2_ws/install/my_py_pkg/lib/python3.10/site-packages:${PYTHONPATH} /usr/bin/python3 -W ignore:setup.py install is deprecated setup.py develop --editable --build-directory /home/erictom97/ros2_ws/build/my_py_pkg/build --no-deps symlink_data
[0.472s] running develop
[0.549s] running egg_info
[0.549s] writing my_py_pkg.egg-info/PKG-INFO
[0.549s] writing dependency_links to my_py_pkg.egg-info/dependency_links.txt
[0.549s] writing entry points to my_py_pkg.egg-info/entry_points.txt
[0.549s] writing requirements to my_py_pkg.egg-info/requires.txt
[0.549s] writing top-level names to my_py_pkg.egg-info/top_level.txt
[0.550s] reading manifest file 'my_py_pkg.egg-info/SOURCES.txt'
[0.551s] writing manifest file 'my_py_pkg.egg-info/SOURCES.txt'
[0.552s] running build_ext
[0.552s] Creating /home/erictom97/ros2_ws/install/my_py_pkg/lib/python3.10/site-packages/my-py-pkg.egg-link (link to .)
[0.552s] Installing add_two_ints_client script to /home/erictom97/ros2_ws/install/my_py_pkg/lib/my_py_pkg
[0.552s] Installing add_two_ints_client_no_oop script to /home/erictom97/ros2_ws/install/my_py_pkg/lib/my_py_pkg
[0.553s] Installing add_two_ints_server script to /home/erictom97/ros2_ws/install/my_py_pkg/lib/my_py_pkg
[0.553s] Installing number_counter script to /home/erictom97/ros2_ws/install/my_py_pkg/lib/my_py_pkg
[0.553s] Installing number_publisher script to /home/erictom97/ros2_ws/install/my_py_pkg/lib/my_py_pkg
[0.553s] Installing py_node script to /home/erictom97/ros2_ws/install/my_py_pkg/lib/my_py_pkg
[0.553s] Installing py_node2 script to /home/erictom97/ros2_ws/install/my_py_pkg/lib/my_py_pkg
[0.553s] Installing robot_news_station script to /home/erictom97/ros2_ws/install/my_py_pkg/lib/my_py_pkg
[0.553s] Installing smartphone script to /home/erictom97/ros2_ws/install/my_py_pkg/lib/my_py_pkg
[0.553s] 
[0.553s] Installed /home/erictom97/ros2_ws/build/my_py_pkg
[0.553s] running symlink_data
[0.568s] Invoked command in '/home/erictom97/ros2_ws/build/my_py_pkg' returned '0': PYTHONPATH=/home/erictom97/ros2_ws/build/my_py_pkg/prefix_override:/home/erictom97/ros2_ws/install/my_py_pkg/lib/python3.10/site-packages:${PYTHONPATH} /usr/bin/python3 -W ignore:setup.py install is deprecated setup.py develop --editable --build-directory /home/erictom97/ros2_ws/build/my_py_pkg/build --no-deps symlink_data
