[0.010s] Invoking command in '/home/erictom97/ros2_ws/build/my_cpp_pkg': CMAKE_PREFIX_PATH=/home/erictom97/ros2_ws/install/my_py_pkg:/opt/ros/humble /usr/bin/cmake /home/erictom97/ros2_ws/src/my_cpp_pkg -DCMAKE_INSTALL_PREFIX=/home/erictom97/ros2_ws/install/my_cpp_pkg
[0.159s] -- The C compiler identification is GNU 11.4.0
[0.246s] -- The CXX compiler identification is GNU 11.4.0
[0.255s] -- Detecting C compiler ABI info
[0.299s] -- Detecting C compiler ABI info - done
[0.304s] -- Check for working C compiler: /usr/bin/cc - skipped
[0.304s] -- Detecting C compile features
[0.305s] -- Detecting C compile features - done
[0.307s] -- Detecting CXX compiler ABI info
[0.354s] -- Detecting CXX compiler ABI info - done
[0.360s] -- Check for working CXX compiler: /usr/bin/c++ - skipped
[0.360s] -- Detecting CXX compile features
[0.361s] -- Detecting CXX compile features - done
[0.366s] -- Found ament_cmake: 1.3.8 (/opt/ros/humble/share/ament_cmake/cmake)
[0.449s] -- Found Python3: /usr/bin/python3 (found version "3.10.12") found components: Interpreter 
[0.511s] -- Found rclcpp: 16.0.8 (/opt/ros/humble/share/rclcpp/cmake)
[0.559s] -- Found rosidl_generator_c: 3.1.5 (/opt/ros/humble/share/rosidl_generator_c/cmake)
[0.563s] -- Found rosidl_adapter: 3.1.5 (/opt/ros/humble/share/rosidl_adapter/cmake)
[0.571s] -- Found rosidl_generator_cpp: 3.1.5 (/opt/ros/humble/share/rosidl_generator_cpp/cmake)
[0.586s] -- Using all available rosidl_typesupport_c: rosidl_typesupport_fastrtps_c;rosidl_typesupport_introspection_c
[0.602s] -- Using all available rosidl_typesupport_cpp: rosidl_typesupport_fastrtps_cpp;rosidl_typesupport_introspection_cpp
[0.666s] -- Found rmw_implementation_cmake: 6.1.1 (/opt/ros/humble/share/rmw_implementation_cmake/cmake)
[0.668s] -- Found rmw_fastrtps_cpp: 6.2.6 (/opt/ros/humble/share/rmw_fastrtps_cpp/cmake)
[0.738s] -- Found OpenSSL: /usr/lib/aarch64-linux-gnu/libcrypto.so (found version "3.0.2")  
[0.755s] -- Found FastRTPS: /opt/ros/humble/include  
[0.789s] -- Using RMW implementation 'rmw_fastrtps_cpp' as default
[0.800s] -- Looking for pthread.h
[0.847s] -- Looking for pthread.h - found
[0.847s] -- Performing Test CMAKE_HAVE_LIBC_PTHREAD
[0.889s] -- Performing Test CMAKE_HAVE_LIBC_PTHREAD - Success
[0.889s] -- Found Threads: TRUE  
[1.027s] -- Found ament_lint_auto: 0.12.10 (/opt/ros/humble/share/ament_lint_auto/cmake)
[1.082s] -- Added test 'lint_cmake' to check CMake code style
[1.083s] -- Added test 'xmllint' to check XML markup files
[1.084s] -- Configuring done
[1.086s] -- Generating done
[1.087s] -- Build files have been written to: /home/erictom97/ros2_ws/build/my_cpp_pkg
[1.091s] Invoked command in '/home/erictom97/ros2_ws/build/my_cpp_pkg' returned '0': CMAKE_PREFIX_PATH=/home/erictom97/ros2_ws/install/my_py_pkg:/opt/ros/humble /usr/bin/cmake /home/erictom97/ros2_ws/src/my_cpp_pkg -DCMAKE_INSTALL_PREFIX=/home/erictom97/ros2_ws/install/my_cpp_pkg
[1.092s] Invoking command in '/home/erictom97/ros2_ws/build/my_cpp_pkg': CMAKE_PREFIX_PATH=/home/erictom97/ros2_ws/install/my_py_pkg:/opt/ros/humble /usr/bin/cmake --build /home/erictom97/ros2_ws/build/my_cpp_pkg -- -j4 -l4
[1.111s] Invoked command in '/home/erictom97/ros2_ws/build/my_cpp_pkg' returned '0': CMAKE_PREFIX_PATH=/home/erictom97/ros2_ws/install/my_py_pkg:/opt/ros/humble /usr/bin/cmake --build /home/erictom97/ros2_ws/build/my_cpp_pkg -- -j4 -l4
[1.126s] Invoking command in '/home/erictom97/ros2_ws/build/my_cpp_pkg': CMAKE_PREFIX_PATH=/home/erictom97/ros2_ws/install/my_py_pkg:/opt/ros/humble /usr/bin/cmake --install /home/erictom97/ros2_ws/build/my_cpp_pkg
[1.129s] -- Install configuration: ""
[1.129s] -- Installing: /home/erictom97/ros2_ws/install/my_cpp_pkg/share/ament_index/resource_index/package_run_dependencies/my_cpp_pkg
[1.130s] -- Installing: /home/erictom97/ros2_ws/install/my_cpp_pkg/share/ament_index/resource_index/parent_prefix_path/my_cpp_pkg
[1.130s] -- Installing: /home/erictom97/ros2_ws/install/my_cpp_pkg/share/my_cpp_pkg/environment/ament_prefix_path.sh
[1.130s] -- Installing: /home/erictom97/ros2_ws/install/my_cpp_pkg/share/my_cpp_pkg/environment/ament_prefix_path.dsv
[1.130s] -- Installing: /home/erictom97/ros2_ws/install/my_cpp_pkg/share/my_cpp_pkg/environment/path.sh
[1.130s] -- Installing: /home/erictom97/ros2_ws/install/my_cpp_pkg/share/my_cpp_pkg/environment/path.dsv
[1.130s] -- Installing: /home/erictom97/ros2_ws/install/my_cpp_pkg/share/my_cpp_pkg/local_setup.bash
[1.130s] -- Installing: /home/erictom97/ros2_ws/install/my_cpp_pkg/share/my_cpp_pkg/local_setup.sh
[1.130s] -- Installing: /home/erictom97/ros2_ws/install/my_cpp_pkg/share/my_cpp_pkg/local_setup.zsh
[1.130s] -- Installing: /home/erictom97/ros2_ws/install/my_cpp_pkg/share/my_cpp_pkg/local_setup.dsv
[1.132s] -- Installing: /home/erictom97/ros2_ws/install/my_cpp_pkg/share/my_cpp_pkg/package.dsv
[1.132s] -- Installing: /home/erictom97/ros2_ws/install/my_cpp_pkg/share/ament_index/resource_index/packages/my_cpp_pkg
[1.132s] -- Installing: /home/erictom97/ros2_ws/install/my_cpp_pkg/share/my_cpp_pkg/cmake/my_cpp_pkgConfig.cmake
[1.132s] -- Installing: /home/erictom97/ros2_ws/install/my_cpp_pkg/share/my_cpp_pkg/cmake/my_cpp_pkgConfig-version.cmake
[1.132s] -- Installing: /home/erictom97/ros2_ws/install/my_cpp_pkg/share/my_cpp_pkg/package.xml
[1.134s] Invoked command in '/home/erictom97/ros2_ws/build/my_cpp_pkg' returned '0': CMAKE_PREFIX_PATH=/home/erictom97/ros2_ws/install/my_py_pkg:/opt/ros/humble /usr/bin/cmake --install /home/erictom97/ros2_ws/build/my_cpp_pkg
