[0.167s] Invoking command in '/home/erictom97/ros2_ws/build/my_robot_interfaces': CMAKE_PREFIX_PATH=${CMAKE_PREFIX_PATH}:/home/erictom97/ros2_ws/install/my_py_pkg:/opt/ros/humble /usr/bin/cmake /home/erictom97/ros2_ws/src/my_robot_interfaces -DCMAKE_INSTALL_PREFIX=/home/erictom97/ros2_ws/install/my_robot_interfaces
[0.322s] -- The C compiler identification is GNU 11.4.0
[0.432s] -- The CXX compiler identification is GNU 11.4.0
[0.449s] -- Detecting C compiler ABI info
[0.516s] -- Detecting C compiler ABI info - done
[0.526s] -- Check for working C compiler: /usr/bin/cc - skipped
[0.528s] -- Detecting C compile features
[0.529s] -- Detecting C compile features - done
[0.535s] -- Detecting CXX compiler ABI info
[0.596s] -- Detecting CXX compiler ABI info - done
[0.603s] -- Check for working CXX compiler: /usr/bin/c++ - skipped
[0.603s] -- Detecting CXX compile features
[0.603s] -- Detecting CXX compile features - done
[0.607s] -- Found ament_cmake: 1.3.8 (/opt/ros/humble/share/ament_cmake/cmake)
[0.711s] -- Found Python3: /usr/bin/python3 (found version "3.10.12") found components: Interpreter 
[0.800s] -- Found rosidl_default_generators: 1.2.0 (/opt/ros/humble/share/rosidl_default_generators/cmake)
[0.804s] -- Using all available rosidl_typesupport_c: rosidl_typesupport_fastrtps_c;rosidl_typesupport_introspection_c
[0.815s] -- Found rosidl_adapter: 3.1.5 (/opt/ros/humble/share/rosidl_adapter/cmake)
[0.876s] -- Using all available rosidl_typesupport_cpp: rosidl_typesupport_fastrtps_cpp;rosidl_typesupport_introspection_cpp
[1.070s] -- Found ament_cmake_ros: 0.10.0 (/opt/ros/humble/share/ament_cmake_ros/cmake)
[1.190s] -- Using all available rosidl_typesupport_c: rosidl_typesupport_fastrtps_c;rosidl_typesupport_introspection_c
[1.352s] -- Using all available rosidl_typesupport_cpp: rosidl_typesupport_fastrtps_cpp;rosidl_typesupport_introspection_cpp
[1.368s] -- Found PythonInterp: /usr/bin/python3 (found suitable version "3.10.12", minimum required is "3.6") 
[1.370s] -- Found python_cmake_module: 0.10.0 (/opt/ros/humble/share/python_cmake_module/cmake)
[1.394s] -- Found PythonLibs: /usr/lib/aarch64-linux-gnu/libpython3.10.so (found suitable version "3.10.12", minimum required is "3.5") 
[1.394s] -- Using PYTHON_EXECUTABLE: /usr/bin/python3
[1.394s] -- Using PYTHON_INCLUDE_DIRS: /usr/include/python3.10
[1.394s] -- Using PYTHON_LIBRARIES: /usr/lib/aarch64-linux-gnu/libpython3.10.so
[1.407s] -- Found PythonExtra: .so  
[1.444s] -- Configuring done
[1.467s] -- Generating done
[1.469s] -- Build files have been written to: /home/erictom97/ros2_ws/build/my_robot_interfaces
[1.474s] Invoked command in '/home/erictom97/ros2_ws/build/my_robot_interfaces' returned '0': CMAKE_PREFIX_PATH=${CMAKE_PREFIX_PATH}:/home/erictom97/ros2_ws/install/my_py_pkg:/opt/ros/humble /usr/bin/cmake /home/erictom97/ros2_ws/src/my_robot_interfaces -DCMAKE_INSTALL_PREFIX=/home/erictom97/ros2_ws/install/my_robot_interfaces
[1.474s] Invoking command in '/home/erictom97/ros2_ws/build/my_robot_interfaces': CMAKE_PREFIX_PATH=${CMAKE_PREFIX_PATH}:/home/erictom97/ros2_ws/install/my_py_pkg:/opt/ros/humble /usr/bin/cmake --build /home/erictom97/ros2_ws/build/my_robot_interfaces -- -j4 -l4
[1.501s] [  3%] [34m[1mGenerating C code for ROS interfaces[0m
[1.514s] [  6%] [34m[1mGenerating C++ code for ROS interfaces[0m
[1.525s] [  6%] Built target ament_cmake_python_copy_my_robot_interfaces
[1.721s] running egg_info
[1.726s] creating my_robot_interfaces.egg-info
[1.726s] writing my_robot_interfaces.egg-info/PKG-INFO
[1.726s] writing dependency_links to my_robot_interfaces.egg-info/dependency_links.txt
[1.726s] writing top-level names to my_robot_interfaces.egg-info/top_level.txt
[1.728s] writing manifest file 'my_robot_interfaces.egg-info/SOURCES.txt'
[1.728s] reading manifest file 'my_robot_interfaces.egg-info/SOURCES.txt'
[1.729s] writing manifest file 'my_robot_interfaces.egg-info/SOURCES.txt'
[1.766s] [  6%] Built target ament_cmake_python_build_my_robot_interfaces_egg
[1.784s] [  9%] [32mBuilding C object CMakeFiles/my_robot_interfaces__rosidl_generator_c.dir/rosidl_generator_c/my_robot_interfaces/msg/detail/hardware_status__functions.c.o[0m
[1.793s] [  9%] Built target my_robot_interfaces__cpp
[1.800s] [ 16%] [34m[1mGenerating C++ type support for eProsima Fast-RTPS[0m
[1.800s] [ 16%] [34m[1mGenerating C++ type support dispatch for ROS interfaces[0m
[1.800s] [ 19%] [34m[1mGenerating C++ introspection for ROS interfaces[0m
[1.962s] [ 22%] [32m[1mLinking C shared library libmy_robot_interfaces__rosidl_generator_c.so[0m
[2.031s] [ 25%] [32mBuilding CXX object CMakeFiles/my_robot_interfaces__rosidl_typesupport_fastrtps_cpp.dir/rosidl_typesupport_fastrtps_cpp/my_robot_interfaces/msg/detail/dds_fastrtps/hardware_status__type_support.cpp.o[0m
[2.054s] [ 25%] Built target my_robot_interfaces__rosidl_generator_c
[2.064s] [ 29%] [32mBuilding CXX object CMakeFiles/my_robot_interfaces__rosidl_typesupport_cpp.dir/rosidl_typesupport_cpp/my_robot_interfaces/msg/hardware_status__type_support.cpp.o[0m
[2.072s] [ 32%] [34m[1mGenerating C type support for eProsima Fast-RTPS[0m
[2.092s] [ 35%] [32mBuilding CXX object CMakeFiles/my_robot_interfaces__rosidl_typesupport_introspection_cpp.dir/rosidl_typesupport_introspection_cpp/my_robot_interfaces/msg/detail/hardware_status__type_support.cpp.o[0m
[2.261s] [ 38%] [32mBuilding CXX object CMakeFiles/my_robot_interfaces__rosidl_typesupport_fastrtps_c.dir/rosidl_typesupport_fastrtps_c/my_robot_interfaces/msg/detail/hardware_status__type_support_c.cpp.o[0m
[2.465s] [ 41%] [32m[1mLinking CXX shared library libmy_robot_interfaces__rosidl_typesupport_cpp.so[0m
[2.500s] [ 41%] Built target my_robot_interfaces__rosidl_typesupport_cpp
[2.509s] [ 45%] [34m[1mGenerating C introspection for ROS interfaces[0m
[2.533s] [ 48%] [32m[1mLinking CXX shared library libmy_robot_interfaces__rosidl_typesupport_introspection_cpp.so[0m
[2.556s] [ 51%] [32m[1mLinking CXX shared library libmy_robot_interfaces__rosidl_typesupport_fastrtps_cpp.so[0m
[2.562s] [ 54%] [32m[1mLinking CXX shared library libmy_robot_interfaces__rosidl_typesupport_fastrtps_c.so[0m
[2.569s] [ 54%] Built target my_robot_interfaces__rosidl_typesupport_introspection_cpp
[2.589s] [ 58%] [34m[1mGenerating C type support dispatch for ROS interfaces[0m
[2.627s] [ 58%] Built target my_robot_interfaces__rosidl_typesupport_fastrtps_cpp
[2.630s] [ 58%] Built target my_robot_interfaces__rosidl_typesupport_fastrtps_c
[2.691s] [ 61%] [32mBuilding C object CMakeFiles/my_robot_interfaces__rosidl_typesupport_introspection_c.dir/rosidl_typesupport_introspection_c/my_robot_interfaces/msg/detail/hardware_status__type_support.c.o[0m
[2.714s] [ 64%] [32m[1mLinking C shared library libmy_robot_interfaces__rosidl_typesupport_introspection_c.so[0m
[2.734s] [ 64%] Built target my_robot_interfaces__rosidl_typesupport_introspection_c
[2.740s] [ 67%] [32mBuilding CXX object CMakeFiles/my_robot_interfaces__rosidl_typesupport_c.dir/rosidl_typesupport_c/my_robot_interfaces/msg/hardware_status__type_support.cpp.o[0m
[2.761s] [ 70%] [32m[1mLinking CXX shared library libmy_robot_interfaces__rosidl_typesupport_c.so[0m
[2.787s] [ 70%] Built target my_robot_interfaces__rosidl_typesupport_c
[2.798s] [ 70%] Built target my_robot_interfaces
[2.810s] [ 74%] [34m[1mGenerating Python code for ROS interfaces[0m
[3.041s] [ 74%] Built target my_robot_interfaces__py
[3.057s] [ 77%] [32mBuilding C object CMakeFiles/my_robot_interfaces__rosidl_generator_py.dir/rosidl_generator_py/my_robot_interfaces/msg/_hardware_status_s.c.o[0m
[3.158s] [ 80%] [32m[1mLinking C shared library rosidl_generator_py/my_robot_interfaces/libmy_robot_interfaces__rosidl_generator_py.so[0m
[3.181s] [ 80%] Built target my_robot_interfaces__rosidl_generator_py
[3.193s] [ 87%] [32mBuilding C object CMakeFiles/my_robot_interfaces__rosidl_typesupport_introspection_c__pyext.dir/rosidl_generator_py/my_robot_interfaces/_my_robot_interfaces_s.ep.rosidl_typesupport_introspection_c.c.o[0m
[3.193s] [ 87%] [32mBuilding C object CMakeFiles/my_robot_interfaces__rosidl_typesupport_fastrtps_c__pyext.dir/rosidl_generator_py/my_robot_interfaces/_my_robot_interfaces_s.ep.rosidl_typesupport_fastrtps_c.c.o[0m
[3.193s] [ 90%] [32mBuilding C object CMakeFiles/my_robot_interfaces__rosidl_typesupport_c__pyext.dir/rosidl_generator_py/my_robot_interfaces/_my_robot_interfaces_s.ep.rosidl_typesupport_c.c.o[0m
[3.257s] [ 96%] [32m[1mLinking C shared library rosidl_generator_py/my_robot_interfaces/my_robot_interfaces_s__rosidl_typesupport_fastrtps_c.cpython-310-aarch64-linux-gnu.so[0m
[3.257s] [ 96%] [32m[1mLinking C shared library rosidl_generator_py/my_robot_interfaces/my_robot_interfaces_s__rosidl_typesupport_introspection_c.cpython-310-aarch64-linux-gnu.so[0m
[3.258s] [100%] [32m[1mLinking C shared library rosidl_generator_py/my_robot_interfaces/my_robot_interfaces_s__rosidl_typesupport_c.cpython-310-aarch64-linux-gnu.so[0m
[3.277s] [100%] Built target my_robot_interfaces__rosidl_typesupport_introspection_c__pyext
[3.283s] [100%] Built target my_robot_interfaces__rosidl_typesupport_fastrtps_c__pyext
[3.283s] [100%] Built target my_robot_interfaces__rosidl_typesupport_c__pyext
[3.292s] Invoked command in '/home/erictom97/ros2_ws/build/my_robot_interfaces' returned '0': CMAKE_PREFIX_PATH=${CMAKE_PREFIX_PATH}:/home/erictom97/ros2_ws/install/my_py_pkg:/opt/ros/humble /usr/bin/cmake --build /home/erictom97/ros2_ws/build/my_robot_interfaces -- -j4 -l4
[3.329s] Invoking command in '/home/erictom97/ros2_ws/build/my_robot_interfaces': CMAKE_PREFIX_PATH=${CMAKE_PREFIX_PATH}:/home/erictom97/ros2_ws/install/my_py_pkg:/opt/ros/humble /usr/bin/cmake --install /home/erictom97/ros2_ws/build/my_robot_interfaces
[3.337s] -- Install configuration: ""
[3.337s] -- Installing: /home/erictom97/ros2_ws/install/my_robot_interfaces/share/ament_index/resource_index/rosidl_interfaces/my_robot_interfaces
[3.337s] -- Installing: /home/erictom97/ros2_ws/install/my_robot_interfaces/include/my_robot_interfaces/my_robot_interfaces
[3.338s] -- Installing: /home/erictom97/ros2_ws/install/my_robot_interfaces/include/my_robot_interfaces/my_robot_interfaces/msg
[3.338s] -- Installing: /home/erictom97/ros2_ws/install/my_robot_interfaces/include/my_robot_interfaces/my_robot_interfaces/msg/hardware_status.h
[3.338s] -- Installing: /home/erictom97/ros2_ws/install/my_robot_interfaces/include/my_robot_interfaces/my_robot_interfaces/msg/rosidl_generator_c__visibility_control.h
[3.338s] -- Installing: /home/erictom97/ros2_ws/install/my_robot_interfaces/include/my_robot_interfaces/my_robot_interfaces/msg/detail
[3.338s] -- Installing: /home/erictom97/ros2_ws/install/my_robot_interfaces/include/my_robot_interfaces/my_robot_interfaces/msg/detail/hardware_status__functions.h
[3.338s] -- Installing: /home/erictom97/ros2_ws/install/my_robot_interfaces/include/my_robot_interfaces/my_robot_interfaces/msg/detail/hardware_status__functions.c
[3.338s] -- Installing: /home/erictom97/ros2_ws/install/my_robot_interfaces/include/my_robot_interfaces/my_robot_interfaces/msg/detail/hardware_status__type_support.h
[3.338s] -- Installing: /home/erictom97/ros2_ws/install/my_robot_interfaces/include/my_robot_interfaces/my_robot_interfaces/msg/detail/hardware_status__struct.h
[3.338s] -- Installing: /home/erictom97/ros2_ws/install/my_robot_interfaces/share/my_robot_interfaces/environment/library_path.sh
[3.338s] -- Installing: /home/erictom97/ros2_ws/install/my_robot_interfaces/share/my_robot_interfaces/environment/library_path.dsv
[3.341s] -- Installing: /home/erictom97/ros2_ws/install/my_robot_interfaces/lib/libmy_robot_interfaces__rosidl_generator_c.so
[3.341s] -- Set runtime path of "/home/erictom97/ros2_ws/install/my_robot_interfaces/lib/libmy_robot_interfaces__rosidl_generator_c.so" to ""
[3.341s] -- Up-to-date: /home/erictom97/ros2_ws/install/my_robot_interfaces/include/my_robot_interfaces/my_robot_interfaces
[3.341s] -- Up-to-date: /home/erictom97/ros2_ws/install/my_robot_interfaces/include/my_robot_interfaces/my_robot_interfaces/msg
[3.341s] -- Installing: /home/erictom97/ros2_ws/install/my_robot_interfaces/include/my_robot_interfaces/my_robot_interfaces/msg/rosidl_typesupport_fastrtps_c__visibility_control.h
[3.341s] -- Up-to-date: /home/erictom97/ros2_ws/install/my_robot_interfaces/include/my_robot_interfaces/my_robot_interfaces/msg/detail
[3.341s] -- Installing: /home/erictom97/ros2_ws/install/my_robot_interfaces/include/my_robot_interfaces/my_robot_interfaces/msg/detail/hardware_status__rosidl_typesupport_fastrtps_c.h
[3.341s] -- Installing: /home/erictom97/ros2_ws/install/my_robot_interfaces/lib/libmy_robot_interfaces__rosidl_typesupport_fastrtps_c.so
[3.341s] -- Set runtime path of "/home/erictom97/ros2_ws/install/my_robot_interfaces/lib/libmy_robot_interfaces__rosidl_typesupport_fastrtps_c.so" to ""
[3.341s] -- Up-to-date: /home/erictom97/ros2_ws/install/my_robot_interfaces/include/my_robot_interfaces/my_robot_interfaces
[3.341s] -- Up-to-date: /home/erictom97/ros2_ws/install/my_robot_interfaces/include/my_robot_interfaces/my_robot_interfaces/msg
[3.341s] -- Installing: /home/erictom97/ros2_ws/install/my_robot_interfaces/include/my_robot_interfaces/my_robot_interfaces/msg/rosidl_typesupport_introspection_c__visibility_control.h
[3.342s] -- Up-to-date: /home/erictom97/ros2_ws/install/my_robot_interfaces/include/my_robot_interfaces/my_robot_interfaces/msg/detail
[3.342s] -- Installing: /home/erictom97/ros2_ws/install/my_robot_interfaces/include/my_robot_interfaces/my_robot_interfaces/msg/detail/hardware_status__type_support.c
[3.342s] -- Installing: /home/erictom97/ros2_ws/install/my_robot_interfaces/include/my_robot_interfaces/my_robot_interfaces/msg/detail/hardware_status__rosidl_typesupport_introspection_c.h
[3.342s] -- Installing: /home/erictom97/ros2_ws/install/my_robot_interfaces/lib/libmy_robot_interfaces__rosidl_typesupport_introspection_c.so
[3.342s] -- Set runtime path of "/home/erictom97/ros2_ws/install/my_robot_interfaces/lib/libmy_robot_interfaces__rosidl_typesupport_introspection_c.so" to ""
[3.342s] -- Installing: /home/erictom97/ros2_ws/install/my_robot_interfaces/lib/libmy_robot_interfaces__rosidl_typesupport_c.so
[3.342s] -- Set runtime path of "/home/erictom97/ros2_ws/install/my_robot_interfaces/lib/libmy_robot_interfaces__rosidl_typesupport_c.so" to ""
[3.342s] -- Up-to-date: /home/erictom97/ros2_ws/install/my_robot_interfaces/include/my_robot_interfaces/my_robot_interfaces
[3.342s] -- Up-to-date: /home/erictom97/ros2_ws/install/my_robot_interfaces/include/my_robot_interfaces/my_robot_interfaces/msg
[3.342s] -- Installing: /home/erictom97/ros2_ws/install/my_robot_interfaces/include/my_robot_interfaces/my_robot_interfaces/msg/hardware_status.hpp
[3.342s] -- Up-to-date: /home/erictom97/ros2_ws/install/my_robot_interfaces/include/my_robot_interfaces/my_robot_interfaces/msg/detail
[3.342s] -- Installing: /home/erictom97/ros2_ws/install/my_robot_interfaces/include/my_robot_interfaces/my_robot_interfaces/msg/detail/hardware_status__traits.hpp
[3.342s] -- Installing: /home/erictom97/ros2_ws/install/my_robot_interfaces/include/my_robot_interfaces/my_robot_interfaces/msg/detail/hardware_status__struct.hpp
[3.342s] -- Installing: /home/erictom97/ros2_ws/install/my_robot_interfaces/include/my_robot_interfaces/my_robot_interfaces/msg/detail/hardware_status__builder.hpp
[3.342s] -- Up-to-date: /home/erictom97/ros2_ws/install/my_robot_interfaces/include/my_robot_interfaces/my_robot_interfaces
[3.342s] -- Up-to-date: /home/erictom97/ros2_ws/install/my_robot_interfaces/include/my_robot_interfaces/my_robot_interfaces/msg
[3.342s] -- Installing: /home/erictom97/ros2_ws/install/my_robot_interfaces/include/my_robot_interfaces/my_robot_interfaces/msg/rosidl_typesupport_fastrtps_cpp__visibility_control.h
[3.342s] -- Up-to-date: /home/erictom97/ros2_ws/install/my_robot_interfaces/include/my_robot_interfaces/my_robot_interfaces/msg/detail
[3.342s] -- Installing: /home/erictom97/ros2_ws/install/my_robot_interfaces/include/my_robot_interfaces/my_robot_interfaces/msg/detail/hardware_status__rosidl_typesupport_fastrtps_cpp.hpp
[3.342s] -- Installing: /home/erictom97/ros2_ws/install/my_robot_interfaces/include/my_robot_interfaces/my_robot_interfaces/msg/detail/dds_fastrtps
[3.342s] -- Installing: /home/erictom97/ros2_ws/install/my_robot_interfaces/lib/libmy_robot_interfaces__rosidl_typesupport_fastrtps_cpp.so
[3.342s] -- Set runtime path of "/home/erictom97/ros2_ws/install/my_robot_interfaces/lib/libmy_robot_interfaces__rosidl_typesupport_fastrtps_cpp.so" to ""
[3.342s] -- Up-to-date: /home/erictom97/ros2_ws/install/my_robot_interfaces/include/my_robot_interfaces/my_robot_interfaces
[3.342s] -- Up-to-date: /home/erictom97/ros2_ws/install/my_robot_interfaces/include/my_robot_interfaces/my_robot_interfaces/msg
[3.342s] -- Up-to-date: /home/erictom97/ros2_ws/install/my_robot_interfaces/include/my_robot_interfaces/my_robot_interfaces/msg/detail
[3.342s] -- Installing: /home/erictom97/ros2_ws/install/my_robot_interfaces/include/my_robot_interfaces/my_robot_interfaces/msg/detail/hardware_status__rosidl_typesupport_introspection_cpp.hpp
[3.342s] -- Installing: /home/erictom97/ros2_ws/install/my_robot_interfaces/include/my_robot_interfaces/my_robot_interfaces/msg/detail/hardware_status__type_support.cpp
[3.342s] -- Installing: /home/erictom97/ros2_ws/install/my_robot_interfaces/lib/libmy_robot_interfaces__rosidl_typesupport_introspection_cpp.so
[3.342s] -- Set runtime path of "/home/erictom97/ros2_ws/install/my_robot_interfaces/lib/libmy_robot_interfaces__rosidl_typesupport_introspection_cpp.so" to ""
[3.342s] -- Installing: /home/erictom97/ros2_ws/install/my_robot_interfaces/lib/libmy_robot_interfaces__rosidl_typesupport_cpp.so
[3.342s] -- Set runtime path of "/home/erictom97/ros2_ws/install/my_robot_interfaces/lib/libmy_robot_interfaces__rosidl_typesupport_cpp.so" to ""
[3.342s] -- Installing: /home/erictom97/ros2_ws/install/my_robot_interfaces/share/my_robot_interfaces/environment/pythonpath.sh
[3.343s] -- Installing: /home/erictom97/ros2_ws/install/my_robot_interfaces/share/my_robot_interfaces/environment/pythonpath.dsv
[3.343s] -- Installing: /home/erictom97/ros2_ws/install/my_robot_interfaces/local/lib/python3.10/dist-packages/my_robot_interfaces-0.0.0-py3.10.egg-info
[3.343s] -- Installing: /home/erictom97/ros2_ws/install/my_robot_interfaces/local/lib/python3.10/dist-packages/my_robot_interfaces-0.0.0-py3.10.egg-info/dependency_links.txt
[3.343s] -- Installing: /home/erictom97/ros2_ws/install/my_robot_interfaces/local/lib/python3.10/dist-packages/my_robot_interfaces-0.0.0-py3.10.egg-info/PKG-INFO
[3.343s] -- Installing: /home/erictom97/ros2_ws/install/my_robot_interfaces/local/lib/python3.10/dist-packages/my_robot_interfaces-0.0.0-py3.10.egg-info/top_level.txt
[3.343s] -- Installing: /home/erictom97/ros2_ws/install/my_robot_interfaces/local/lib/python3.10/dist-packages/my_robot_interfaces-0.0.0-py3.10.egg-info/SOURCES.txt
[3.343s] -- Installing: /home/erictom97/ros2_ws/install/my_robot_interfaces/local/lib/python3.10/dist-packages/my_robot_interfaces
[3.343s] -- Installing: /home/erictom97/ros2_ws/install/my_robot_interfaces/local/lib/python3.10/dist-packages/my_robot_interfaces/__init__.py
[3.343s] -- Installing: /home/erictom97/ros2_ws/install/my_robot_interfaces/local/lib/python3.10/dist-packages/my_robot_interfaces/my_robot_interfaces_s__rosidl_typesupport_c.cpython-310-aarch64-linux-gnu.so
[3.343s] -- Installing: /home/erictom97/ros2_ws/install/my_robot_interfaces/local/lib/python3.10/dist-packages/my_robot_interfaces/libmy_robot_interfaces__rosidl_generator_py.so
[3.343s] -- Installing: /home/erictom97/ros2_ws/install/my_robot_interfaces/local/lib/python3.10/dist-packages/my_robot_interfaces/my_robot_interfaces_s__rosidl_typesupport_introspection_c.cpython-310-aarch64-linux-gnu.so
[3.343s] -- Installing: /home/erictom97/ros2_ws/install/my_robot_interfaces/local/lib/python3.10/dist-packages/my_robot_interfaces/_my_robot_interfaces_s.ep.rosidl_typesupport_introspection_c.c
[3.343s] -- Installing: /home/erictom97/ros2_ws/install/my_robot_interfaces/local/lib/python3.10/dist-packages/my_robot_interfaces/msg
[3.343s] -- Installing: /home/erictom97/ros2_ws/install/my_robot_interfaces/local/lib/python3.10/dist-packages/my_robot_interfaces/msg/_hardware_status_s.c
[3.343s] -- Installing: /home/erictom97/ros2_ws/install/my_robot_interfaces/local/lib/python3.10/dist-packages/my_robot_interfaces/msg/__init__.py
[3.343s] -- Installing: /home/erictom97/ros2_ws/install/my_robot_interfaces/local/lib/python3.10/dist-packages/my_robot_interfaces/msg/_hardware_status.py
[3.343s] -- Installing: /home/erictom97/ros2_ws/install/my_robot_interfaces/local/lib/python3.10/dist-packages/my_robot_interfaces/_my_robot_interfaces_s.ep.rosidl_typesupport_c.c
[3.343s] -- Installing: /home/erictom97/ros2_ws/install/my_robot_interfaces/local/lib/python3.10/dist-packages/my_robot_interfaces/my_robot_interfaces_s__rosidl_typesupport_fastrtps_c.cpython-310-aarch64-linux-gnu.so
[3.343s] -- Installing: /home/erictom97/ros2_ws/install/my_robot_interfaces/local/lib/python3.10/dist-packages/my_robot_interfaces/_my_robot_interfaces_s.ep.rosidl_typesupport_fastrtps_c.c
[3.365s] Listing '/home/erictom97/ros2_ws/install/my_robot_interfaces/local/lib/python3.10/dist-packages/my_robot_interfaces'...
[3.365s] Compiling '/home/erictom97/ros2_ws/install/my_robot_interfaces/local/lib/python3.10/dist-packages/my_robot_interfaces/__init__.py'...
[3.365s] Listing '/home/erictom97/ros2_ws/install/my_robot_interfaces/local/lib/python3.10/dist-packages/my_robot_interfaces/msg'...
[3.365s] Compiling '/home/erictom97/ros2_ws/install/my_robot_interfaces/local/lib/python3.10/dist-packages/my_robot_interfaces/msg/__init__.py'...
[3.365s] Compiling '/home/erictom97/ros2_ws/install/my_robot_interfaces/local/lib/python3.10/dist-packages/my_robot_interfaces/msg/_hardware_status.py'...
[3.368s] -- Installing: /home/erictom97/ros2_ws/install/my_robot_interfaces/local/lib/python3.10/dist-packages/my_robot_interfaces/my_robot_interfaces_s__rosidl_typesupport_fastrtps_c.cpython-310-aarch64-linux-gnu.so
[3.368s] -- Set runtime path of "/home/erictom97/ros2_ws/install/my_robot_interfaces/local/lib/python3.10/dist-packages/my_robot_interfaces/my_robot_interfaces_s__rosidl_typesupport_fastrtps_c.cpython-310-aarch64-linux-gnu.so" to ""
[3.368s] -- Installing: /home/erictom97/ros2_ws/install/my_robot_interfaces/local/lib/python3.10/dist-packages/my_robot_interfaces/my_robot_interfaces_s__rosidl_typesupport_introspection_c.cpython-310-aarch64-linux-gnu.so
[3.368s] -- Set runtime path of "/home/erictom97/ros2_ws/install/my_robot_interfaces/local/lib/python3.10/dist-packages/my_robot_interfaces/my_robot_interfaces_s__rosidl_typesupport_introspection_c.cpython-310-aarch64-linux-gnu.so" to ""
[3.369s] -- Installing: /home/erictom97/ros2_ws/install/my_robot_interfaces/local/lib/python3.10/dist-packages/my_robot_interfaces/my_robot_interfaces_s__rosidl_typesupport_c.cpython-310-aarch64-linux-gnu.so
[3.369s] -- Set runtime path of "/home/erictom97/ros2_ws/install/my_robot_interfaces/local/lib/python3.10/dist-packages/my_robot_interfaces/my_robot_interfaces_s__rosidl_typesupport_c.cpython-310-aarch64-linux-gnu.so" to ""
[3.369s] -- Installing: /home/erictom97/ros2_ws/install/my_robot_interfaces/lib/libmy_robot_interfaces__rosidl_generator_py.so
[3.369s] -- Set runtime path of "/home/erictom97/ros2_ws/install/my_robot_interfaces/lib/libmy_robot_interfaces__rosidl_generator_py.so" to ""
[3.369s] -- Installing: /home/erictom97/ros2_ws/install/my_robot_interfaces/share/my_robot_interfaces/msg/HardwareStatus.idl
[3.369s] -- Installing: /home/erictom97/ros2_ws/install/my_robot_interfaces/share/my_robot_interfaces/msg/HardwareStatus.msg
[3.369s] -- Installing: /home/erictom97/ros2_ws/install/my_robot_interfaces/share/ament_index/resource_index/package_run_dependencies/my_robot_interfaces
[3.369s] -- Installing: /home/erictom97/ros2_ws/install/my_robot_interfaces/share/ament_index/resource_index/parent_prefix_path/my_robot_interfaces
[3.369s] -- Installing: /home/erictom97/ros2_ws/install/my_robot_interfaces/share/my_robot_interfaces/environment/ament_prefix_path.sh
[3.370s] -- Installing: /home/erictom97/ros2_ws/install/my_robot_interfaces/share/my_robot_interfaces/environment/ament_prefix_path.dsv
[3.370s] -- Installing: /home/erictom97/ros2_ws/install/my_robot_interfaces/share/my_robot_interfaces/environment/path.sh
[3.370s] -- Installing: /home/erictom97/ros2_ws/install/my_robot_interfaces/share/my_robot_interfaces/environment/path.dsv
[3.370s] -- Installing: /home/erictom97/ros2_ws/install/my_robot_interfaces/share/my_robot_interfaces/local_setup.bash
[3.370s] -- Installing: /home/erictom97/ros2_ws/install/my_robot_interfaces/share/my_robot_interfaces/local_setup.sh
[3.370s] -- Installing: /home/erictom97/ros2_ws/install/my_robot_interfaces/share/my_robot_interfaces/local_setup.zsh
[3.370s] -- Installing: /home/erictom97/ros2_ws/install/my_robot_interfaces/share/my_robot_interfaces/local_setup.dsv
[3.370s] -- Installing: /home/erictom97/ros2_ws/install/my_robot_interfaces/share/my_robot_interfaces/package.dsv
[3.370s] -- Installing: /home/erictom97/ros2_ws/install/my_robot_interfaces/share/ament_index/resource_index/packages/my_robot_interfaces
[3.370s] -- Installing: /home/erictom97/ros2_ws/install/my_robot_interfaces/share/my_robot_interfaces/cmake/export_my_robot_interfaces__rosidl_generator_cExport.cmake
[3.370s] -- Installing: /home/erictom97/ros2_ws/install/my_robot_interfaces/share/my_robot_interfaces/cmake/export_my_robot_interfaces__rosidl_generator_cExport-noconfig.cmake
[3.370s] -- Installing: /home/erictom97/ros2_ws/install/my_robot_interfaces/share/my_robot_interfaces/cmake/export_my_robot_interfaces__rosidl_typesupport_fastrtps_cExport.cmake
[3.370s] -- Installing: /home/erictom97/ros2_ws/install/my_robot_interfaces/share/my_robot_interfaces/cmake/export_my_robot_interfaces__rosidl_typesupport_fastrtps_cExport-noconfig.cmake
[3.370s] -- Installing: /home/erictom97/ros2_ws/install/my_robot_interfaces/share/my_robot_interfaces/cmake/my_robot_interfaces__rosidl_typesupport_introspection_cExport.cmake
[3.371s] -- Installing: /home/erictom97/ros2_ws/install/my_robot_interfaces/share/my_robot_interfaces/cmake/my_robot_interfaces__rosidl_typesupport_introspection_cExport-noconfig.cmake
[3.371s] -- Installing: /home/erictom97/ros2_ws/install/my_robot_interfaces/share/my_robot_interfaces/cmake/my_robot_interfaces__rosidl_typesupport_cExport.cmake
[3.371s] -- Installing: /home/erictom97/ros2_ws/install/my_robot_interfaces/share/my_robot_interfaces/cmake/my_robot_interfaces__rosidl_typesupport_cExport-noconfig.cmake
[3.371s] -- Installing: /home/erictom97/ros2_ws/install/my_robot_interfaces/share/my_robot_interfaces/cmake/export_my_robot_interfaces__rosidl_generator_cppExport.cmake
[3.371s] -- Installing: /home/erictom97/ros2_ws/install/my_robot_interfaces/share/my_robot_interfaces/cmake/export_my_robot_interfaces__rosidl_typesupport_fastrtps_cppExport.cmake
[3.371s] -- Installing: /home/erictom97/ros2_ws/install/my_robot_interfaces/share/my_robot_interfaces/cmake/export_my_robot_interfaces__rosidl_typesupport_fastrtps_cppExport-noconfig.cmake
[3.371s] -- Installing: /home/erictom97/ros2_ws/install/my_robot_interfaces/share/my_robot_interfaces/cmake/my_robot_interfaces__rosidl_typesupport_introspection_cppExport.cmake
[3.371s] -- Installing: /home/erictom97/ros2_ws/install/my_robot_interfaces/share/my_robot_interfaces/cmake/my_robot_interfaces__rosidl_typesupport_introspection_cppExport-noconfig.cmake
[3.371s] -- Installing: /home/erictom97/ros2_ws/install/my_robot_interfaces/share/my_robot_interfaces/cmake/my_robot_interfaces__rosidl_typesupport_cppExport.cmake
[3.371s] -- Installing: /home/erictom97/ros2_ws/install/my_robot_interfaces/share/my_robot_interfaces/cmake/my_robot_interfaces__rosidl_typesupport_cppExport-noconfig.cmake
[3.371s] -- Installing: /home/erictom97/ros2_ws/install/my_robot_interfaces/share/my_robot_interfaces/cmake/export_my_robot_interfaces__rosidl_generator_pyExport.cmake
[3.371s] -- Installing: /home/erictom97/ros2_ws/install/my_robot_interfaces/share/my_robot_interfaces/cmake/export_my_robot_interfaces__rosidl_generator_pyExport-noconfig.cmake
[3.372s] -- Installing: /home/erictom97/ros2_ws/install/my_robot_interfaces/share/my_robot_interfaces/cmake/rosidl_cmake-extras.cmake
[3.372s] -- Installing: /home/erictom97/ros2_ws/install/my_robot_interfaces/share/my_robot_interfaces/cmake/ament_cmake_export_include_directories-extras.cmake
[3.372s] -- Installing: /home/erictom97/ros2_ws/install/my_robot_interfaces/share/my_robot_interfaces/cmake/ament_cmake_export_libraries-extras.cmake
[3.372s] -- Installing: /home/erictom97/ros2_ws/install/my_robot_interfaces/share/my_robot_interfaces/cmake/ament_cmake_export_targets-extras.cmake
[3.372s] -- Installing: /home/erictom97/ros2_ws/install/my_robot_interfaces/share/my_robot_interfaces/cmake/rosidl_cmake_export_typesupport_targets-extras.cmake
[3.372s] -- Installing: /home/erictom97/ros2_ws/install/my_robot_interfaces/share/my_robot_interfaces/cmake/ament_cmake_export_dependencies-extras.cmake
[3.372s] -- Installing: /home/erictom97/ros2_ws/install/my_robot_interfaces/share/my_robot_interfaces/cmake/rosidl_cmake_export_typesupport_libraries-extras.cmake
[3.372s] -- Installing: /home/erictom97/ros2_ws/install/my_robot_interfaces/share/my_robot_interfaces/cmake/my_robot_interfacesConfig.cmake
[3.372s] -- Installing: /home/erictom97/ros2_ws/install/my_robot_interfaces/share/my_robot_interfaces/cmake/my_robot_interfacesConfig-version.cmake
[3.375s] -- Installing: /home/erictom97/ros2_ws/install/my_robot_interfaces/share/my_robot_interfaces/package.xml
[3.376s] Invoked command in '/home/erictom97/ros2_ws/build/my_robot_interfaces' returned '0': CMAKE_PREFIX_PATH=${CMAKE_PREFIX_PATH}:/home/erictom97/ros2_ws/install/my_py_pkg:/opt/ros/humble /usr/bin/cmake --install /home/erictom97/ros2_ws/build/my_robot_interfaces
