[0.055s] DEBUG:colcon:Command line arguments: ['/usr/bin/colcon', 'build']
[0.055s] DEBUG:colcon:Parsed command line arguments: Namespace(log_base=None, log_level=None, verb_name='build', build_base='build', install_base='install', merge_install=False, symlink_install=False, test_result_base=None, continue_on_error=False, executor='parallel', parallel_workers=4, event_handlers=None, ignore_user_meta=False, metas=['./colcon.meta'], base_paths=['.'], packages_ignore=None, packages_ignore_regex=None, paths=None, packages_up_to=None, packages_up_to_regex=None, packages_above=None, packages_above_and_dependencies=None, packages_above_depth=None, packages_select_by_dep=None, packages_skip_by_dep=None, packages_skip_up_to=None, packages_select_build_failed=False, packages_skip_build_finished=False, packages_select_test_failures=False, packages_skip_test_passed=False, packages_select=None, packages_skip=None, packages_select_regex=None, packages_skip_regex=None, packages_start=None, packages_end=None, allow_overriding=[], cmake_args=None, cmake_target=None, cmake_target_skip_unavailable=False, cmake_clean_cache=False, cmake_clean_first=False, cmake_force_configure=False, ament_cmake_args=None, catkin_cmake_args=None, catkin_skip_building_tests=False, verb_parser=<colcon_defaults.argument_parser.defaults.DefaultArgumentsDecorator object at 0xf2d35bd23f40>, verb_extension=<colcon_core.verb.build.BuildVerb object at 0xf2d35bd23a30>, main=<bound method BuildVerb.main of <colcon_core.verb.build.BuildVerb object at 0xf2d35bd23a30>>)
[0.139s] Level 1:colcon.colcon_core.package_discovery:discover_packages(colcon_meta) check parameters
[0.139s] Level 1:colcon.colcon_core.package_discovery:discover_packages(recursive) check parameters
[0.139s] Level 1:colcon.colcon_core.package_discovery:discover_packages(ignore) check parameters
[0.139s] Level 1:colcon.colcon_core.package_discovery:discover_packages(path) check parameters
[0.139s] Level 1:colcon.colcon_core.package_discovery:discover_packages(colcon_meta) discover
[0.139s] Level 1:colcon.colcon_core.package_discovery:discover_packages(recursive) discover
[0.139s] INFO:colcon.colcon_core.package_discovery:Crawling recursively for packages in '/home/erictom97/ros2_ws'
[0.139s] Level 1:colcon.colcon_core.package_identification:_identify(.) by extensions ['ignore', 'ignore_ament_install']
[0.139s] Level 1:colcon.colcon_core.package_identification:_identify(.) by extension 'ignore'
[0.139s] Level 1:colcon.colcon_core.package_identification:_identify(.) by extension 'ignore_ament_install'
[0.139s] Level 1:colcon.colcon_core.package_identification:_identify(.) by extensions ['colcon_pkg']
[0.139s] Level 1:colcon.colcon_core.package_identification:_identify(.) by extension 'colcon_pkg'
[0.139s] Level 1:colcon.colcon_core.package_identification:_identify(.) by extensions ['colcon_meta']
[0.139s] Level 1:colcon.colcon_core.package_identification:_identify(.) by extension 'colcon_meta'
[0.139s] Level 1:colcon.colcon_core.package_identification:_identify(.) by extensions ['ros']
[0.139s] Level 1:colcon.colcon_core.package_identification:_identify(.) by extension 'ros'
[0.146s] Level 1:colcon.colcon_core.package_identification:_identify(.) by extensions ['cmake', 'python']
[0.146s] Level 1:colcon.colcon_core.package_identification:_identify(.) by extension 'cmake'
[0.146s] Level 1:colcon.colcon_core.package_identification:_identify(.) by extension 'python'
[0.146s] Level 1:colcon.colcon_core.package_identification:_identify(.) by extensions ['python_setup_py']
[0.146s] Level 1:colcon.colcon_core.package_identification:_identify(.) by extension 'python_setup_py'
[0.146s] Level 1:colcon.colcon_core.package_identification:_identify(build) by extensions ['ignore', 'ignore_ament_install']
[0.146s] Level 1:colcon.colcon_core.package_identification:_identify(build) by extension 'ignore'
[0.146s] Level 1:colcon.colcon_core.package_identification:_identify(build) ignored
[0.146s] Level 1:colcon.colcon_core.package_identification:_identify(install) by extensions ['ignore', 'ignore_ament_install']
[0.146s] Level 1:colcon.colcon_core.package_identification:_identify(install) by extension 'ignore'
[0.146s] Level 1:colcon.colcon_core.package_identification:_identify(install) ignored
[0.146s] Level 1:colcon.colcon_core.package_identification:_identify(log) by extensions ['ignore', 'ignore_ament_install']
[0.146s] Level 1:colcon.colcon_core.package_identification:_identify(log) by extension 'ignore'
[0.146s] Level 1:colcon.colcon_core.package_identification:_identify(log) ignored
[0.146s] Level 1:colcon.colcon_core.package_identification:_identify(src) by extensions ['ignore', 'ignore_ament_install']
[0.146s] Level 1:colcon.colcon_core.package_identification:_identify(src) by extension 'ignore'
[0.146s] Level 1:colcon.colcon_core.package_identification:_identify(src) by extension 'ignore_ament_install'
[0.146s] Level 1:colcon.colcon_core.package_identification:_identify(src) by extensions ['colcon_pkg']
[0.146s] Level 1:colcon.colcon_core.package_identification:_identify(src) by extension 'colcon_pkg'
[0.146s] Level 1:colcon.colcon_core.package_identification:_identify(src) by extensions ['colcon_meta']
[0.146s] Level 1:colcon.colcon_core.package_identification:_identify(src) by extension 'colcon_meta'
[0.146s] Level 1:colcon.colcon_core.package_identification:_identify(src) by extensions ['ros']
[0.146s] Level 1:colcon.colcon_core.package_identification:_identify(src) by extension 'ros'
[0.146s] Level 1:colcon.colcon_core.package_identification:_identify(src) by extensions ['cmake', 'python']
[0.146s] Level 1:colcon.colcon_core.package_identification:_identify(src) by extension 'cmake'
[0.146s] Level 1:colcon.colcon_core.package_identification:_identify(src) by extension 'python'
[0.146s] Level 1:colcon.colcon_core.package_identification:_identify(src) by extensions ['python_setup_py']
[0.146s] Level 1:colcon.colcon_core.package_identification:_identify(src) by extension 'python_setup_py'
[0.146s] Level 1:colcon.colcon_core.package_identification:_identify(src/my_cpp_pkg) by extensions ['ignore', 'ignore_ament_install']
[0.146s] Level 1:colcon.colcon_core.package_identification:_identify(src/my_cpp_pkg) by extension 'ignore'
[0.147s] Level 1:colcon.colcon_core.package_identification:_identify(src/my_cpp_pkg) by extension 'ignore_ament_install'
[0.147s] Level 1:colcon.colcon_core.package_identification:_identify(src/my_cpp_pkg) by extensions ['colcon_pkg']
[0.147s] Level 1:colcon.colcon_core.package_identification:_identify(src/my_cpp_pkg) by extension 'colcon_pkg'
[0.147s] Level 1:colcon.colcon_core.package_identification:_identify(src/my_cpp_pkg) by extensions ['colcon_meta']
[0.147s] Level 1:colcon.colcon_core.package_identification:_identify(src/my_cpp_pkg) by extension 'colcon_meta'
[0.147s] Level 1:colcon.colcon_core.package_identification:_identify(src/my_cpp_pkg) by extensions ['ros']
[0.147s] Level 1:colcon.colcon_core.package_identification:_identify(src/my_cpp_pkg) by extension 'ros'
[0.148s] DEBUG:colcon.colcon_core.package_identification:Package 'src/my_cpp_pkg' with type 'ros.ament_cmake' and name 'my_cpp_pkg'
[0.148s] Level 1:colcon.colcon_core.package_identification:_identify(src/my_py_pkg) by extensions ['ignore', 'ignore_ament_install']
[0.148s] Level 1:colcon.colcon_core.package_identification:_identify(src/my_py_pkg) by extension 'ignore'
[0.148s] Level 1:colcon.colcon_core.package_identification:_identify(src/my_py_pkg) by extension 'ignore_ament_install'
[0.148s] Level 1:colcon.colcon_core.package_identification:_identify(src/my_py_pkg) by extensions ['colcon_pkg']
[0.148s] Level 1:colcon.colcon_core.package_identification:_identify(src/my_py_pkg) by extension 'colcon_pkg'
[0.148s] Level 1:colcon.colcon_core.package_identification:_identify(src/my_py_pkg) by extensions ['colcon_meta']
[0.148s] Level 1:colcon.colcon_core.package_identification:_identify(src/my_py_pkg) by extension 'colcon_meta'
[0.148s] Level 1:colcon.colcon_core.package_identification:_identify(src/my_py_pkg) by extensions ['ros']
[0.148s] Level 1:colcon.colcon_core.package_identification:_identify(src/my_py_pkg) by extension 'ros'
[0.148s] DEBUG:colcon.colcon_core.package_identification:Package 'src/my_py_pkg' with type 'ros.ament_python' and name 'my_py_pkg'
[0.148s] Level 1:colcon.colcon_core.package_discovery:discover_packages(recursive) using defaults
[0.148s] Level 1:colcon.colcon_core.package_discovery:discover_packages(ignore) discover
[0.148s] Level 1:colcon.colcon_core.package_discovery:discover_packages(ignore) using defaults
[0.148s] Level 1:colcon.colcon_core.package_discovery:discover_packages(path) discover
[0.148s] Level 1:colcon.colcon_core.package_discovery:discover_packages(path) using defaults
[0.164s] Level 1:colcon.colcon_core.package_discovery:discover_packages(prefix_path) check parameters
[0.164s] Level 1:colcon.colcon_core.package_discovery:discover_packages(prefix_path) discover
[0.165s] DEBUG:colcon.colcon_installed_package_information.package_discovery:Found 2 installed packages in /home/erictom97/ros2_ws/install
[0.166s] DEBUG:colcon.colcon_installed_package_information.package_discovery:Found 270 installed packages in /opt/ros/humble
[0.166s] Level 1:colcon.colcon_core.package_discovery:discover_packages(prefix_path) using defaults
[0.169s] ERROR:colcon.colcon_core.extension_point:Exception loading extension 'colcon_installed_package_information.package_augmentation.python': inconsistent use of tabs and spaces in indentation (python.py, line 48)
Traceback (most recent call last):
  File "/usr/lib/python3/dist-packages/colcon_core/extension_point.py", line 166, in load_extension_points
    extension_type = load_extension_point(name, value, group)
  File "/usr/lib/python3/dist-packages/colcon_core/extension_point.py", line 207, in load_extension_point
    return EntryPoint(name, value, group).load()
  File "/usr/lib/python3.10/importlib/metadata/__init__.py", line 171, in load
    module = import_module(match.group('module'))
  File "/usr/lib/python3.10/importlib/__init__.py", line 126, in import_module
    return _bootstrap._gcd_import(name[level:], package, level)
  File "<frozen importlib._bootstrap>", line 1050, in _gcd_import
  File "<frozen importlib._bootstrap>", line 1027, in _find_and_load
  File "<frozen importlib._bootstrap>", line 1006, in _find_and_load_unlocked
  File "<frozen importlib._bootstrap>", line 688, in _load_unlocked
  File "<frozen importlib._bootstrap_external>", line 879, in exec_module
  File "<frozen importlib._bootstrap_external>", line 1017, in get_code
  File "<frozen importlib._bootstrap_external>", line 947, in source_to_code
  File "<frozen importlib._bootstrap>", line 241, in _call_with_frames_removed
  File "/usr/lib/python3/dist-packages/colcon_installed_package_information/package_augmentation/python.py", line 48
    		continue
    ^
TabError: inconsistent use of tabs and spaces in indentation

[0.179s] Level 5:colcon.colcon_core.verb:set package 'my_cpp_pkg' build argument 'cmake_args' from command line to 'None'
[0.179s] Level 5:colcon.colcon_core.verb:set package 'my_cpp_pkg' build argument 'cmake_target' from command line to 'None'
[0.179s] Level 5:colcon.colcon_core.verb:set package 'my_cpp_pkg' build argument 'cmake_target_skip_unavailable' from command line to 'False'
[0.179s] Level 5:colcon.colcon_core.verb:set package 'my_cpp_pkg' build argument 'cmake_clean_cache' from command line to 'False'
[0.179s] Level 5:colcon.colcon_core.verb:set package 'my_cpp_pkg' build argument 'cmake_clean_first' from command line to 'False'
[0.179s] Level 5:colcon.colcon_core.verb:set package 'my_cpp_pkg' build argument 'cmake_force_configure' from command line to 'False'
[0.179s] Level 5:colcon.colcon_core.verb:set package 'my_cpp_pkg' build argument 'ament_cmake_args' from command line to 'None'
[0.179s] Level 5:colcon.colcon_core.verb:set package 'my_cpp_pkg' build argument 'catkin_cmake_args' from command line to 'None'
[0.179s] Level 5:colcon.colcon_core.verb:set package 'my_cpp_pkg' build argument 'catkin_skip_building_tests' from command line to 'False'
[0.179s] DEBUG:colcon.colcon_core.verb:Building package 'my_cpp_pkg' with the following arguments: {'ament_cmake_args': None, 'build_base': '/home/erictom97/ros2_ws/build/my_cpp_pkg', 'catkin_cmake_args': None, 'catkin_skip_building_tests': False, 'cmake_args': None, 'cmake_clean_cache': False, 'cmake_clean_first': False, 'cmake_force_configure': False, 'cmake_target': None, 'cmake_target_skip_unavailable': False, 'install_base': '/home/erictom97/ros2_ws/install/my_cpp_pkg', 'merge_install': False, 'path': '/home/erictom97/ros2_ws/src/my_cpp_pkg', 'symlink_install': False, 'test_result_base': None}
[0.179s] Level 5:colcon.colcon_core.verb:set package 'my_py_pkg' build argument 'cmake_args' from command line to 'None'
[0.179s] Level 5:colcon.colcon_core.verb:set package 'my_py_pkg' build argument 'cmake_target' from command line to 'None'
[0.179s] Level 5:colcon.colcon_core.verb:set package 'my_py_pkg' build argument 'cmake_target_skip_unavailable' from command line to 'False'
[0.179s] Level 5:colcon.colcon_core.verb:set package 'my_py_pkg' build argument 'cmake_clean_cache' from command line to 'False'
[0.179s] Level 5:colcon.colcon_core.verb:set package 'my_py_pkg' build argument 'cmake_clean_first' from command line to 'False'
[0.179s] Level 5:colcon.colcon_core.verb:set package 'my_py_pkg' build argument 'cmake_force_configure' from command line to 'False'
[0.179s] Level 5:colcon.colcon_core.verb:set package 'my_py_pkg' build argument 'ament_cmake_args' from command line to 'None'
[0.179s] Level 5:colcon.colcon_core.verb:set package 'my_py_pkg' build argument 'catkin_cmake_args' from command line to 'None'
[0.179s] Level 5:colcon.colcon_core.verb:set package 'my_py_pkg' build argument 'catkin_skip_building_tests' from command line to 'False'
[0.179s] DEBUG:colcon.colcon_core.verb:Building package 'my_py_pkg' with the following arguments: {'ament_cmake_args': None, 'build_base': '/home/erictom97/ros2_ws/build/my_py_pkg', 'catkin_cmake_args': None, 'catkin_skip_building_tests': False, 'cmake_args': None, 'cmake_clean_cache': False, 'cmake_clean_first': False, 'cmake_force_configure': False, 'cmake_target': None, 'cmake_target_skip_unavailable': False, 'install_base': '/home/erictom97/ros2_ws/install/my_py_pkg', 'merge_install': False, 'path': '/home/erictom97/ros2_ws/src/my_py_pkg', 'symlink_install': False, 'test_result_base': None}
[0.179s] INFO:colcon.colcon_core.executor:Executing jobs using 'parallel' executor
[0.180s] DEBUG:colcon.colcon_parallel_executor.executor.parallel:run_until_complete
[0.180s] INFO:colcon.colcon_ros.task.ament_cmake.build:Building ROS package in '/home/erictom97/ros2_ws/src/my_cpp_pkg' with build type 'ament_cmake'
[0.180s] INFO:colcon.colcon_cmake.task.cmake.build:Building CMake package in '/home/erictom97/ros2_ws/src/my_cpp_pkg'
[0.182s] INFO:colcon.colcon_core.plugin_system:Skipping extension 'colcon_core.shell.bat': Not used on non-Windows systems
[0.182s] INFO:colcon.colcon_core.shell:Skip shell extension 'powershell' for command environment: Not usable outside of PowerShell
[0.182s] DEBUG:colcon.colcon_core.shell:Skip shell extension 'dsv' for command environment
[0.186s] INFO:colcon.colcon_ros.task.ament_python.build:Building ROS package in '/home/erictom97/ros2_ws/src/my_py_pkg' with build type 'ament_python'
[0.186s] Level 1:colcon.colcon_core.shell:create_environment_hook('my_py_pkg', 'ament_prefix_path')
[0.186s] INFO:colcon.colcon_core.shell:Creating environment hook '/home/erictom97/ros2_ws/install/my_py_pkg/share/my_py_pkg/hook/ament_prefix_path.ps1'
[0.186s] INFO:colcon.colcon_core.shell:Creating environment descriptor '/home/erictom97/ros2_ws/install/my_py_pkg/share/my_py_pkg/hook/ament_prefix_path.dsv'
[0.187s] INFO:colcon.colcon_core.shell:Creating environment hook '/home/erictom97/ros2_ws/install/my_py_pkg/share/my_py_pkg/hook/ament_prefix_path.sh'
[0.187s] INFO:colcon.colcon_core.shell:Skip shell extension 'powershell' for command environment: Not usable outside of PowerShell
[0.187s] DEBUG:colcon.colcon_core.shell:Skip shell extension 'dsv' for command environment
[0.193s] DEBUG:colcon.colcon_core.event_handler.log_command:Invoking command in '/home/erictom97/ros2_ws/build/my_cpp_pkg': CMAKE_PREFIX_PATH=/home/erictom97/ros2_ws/install/my_py_pkg:/opt/ros/humble /usr/bin/cmake --build /home/erictom97/ros2_ws/build/my_cpp_pkg -- -j4 -l4
[0.331s] INFO:colcon.colcon_core.task.python.build:Building Python package in '/home/erictom97/ros2_ws/src/my_py_pkg'
[0.331s] INFO:colcon.colcon_core.shell:Skip shell extension 'powershell' for command environment: Not usable outside of PowerShell
[0.331s] DEBUG:colcon.colcon_core.shell:Skip shell extension 'dsv' for command environment
[0.334s] DEBUG:colcon.colcon_core.event_handler.log_command:Invoked command in '/home/erictom97/ros2_ws/build/my_cpp_pkg' returned '0': CMAKE_PREFIX_PATH=/home/erictom97/ros2_ws/install/my_py_pkg:/opt/ros/humble /usr/bin/cmake --build /home/erictom97/ros2_ws/build/my_cpp_pkg -- -j4 -l4
[0.351s] DEBUG:colcon.colcon_core.event_handler.log_command:Invoking command in '/home/erictom97/ros2_ws/build/my_cpp_pkg': CMAKE_PREFIX_PATH=/home/erictom97/ros2_ws/install/my_py_pkg:/opt/ros/humble /usr/bin/cmake --install /home/erictom97/ros2_ws/build/my_cpp_pkg
[0.356s] Level 1:colcon.colcon_core.environment:create_environment_scripts_only(my_cpp_pkg)
[0.356s] DEBUG:colcon.colcon_core.event_handler.log_command:Invoked command in '/home/erictom97/ros2_ws/build/my_cpp_pkg' returned '0': CMAKE_PREFIX_PATH=/home/erictom97/ros2_ws/install/my_py_pkg:/opt/ros/humble /usr/bin/cmake --install /home/erictom97/ros2_ws/build/my_cpp_pkg
[0.358s] Level 1:colcon.colcon_core.environment:checking '/home/erictom97/ros2_ws/install/my_cpp_pkg' for CMake module files
[0.358s] Level 1:colcon.colcon_core.environment:checking '/home/erictom97/ros2_ws/install/my_cpp_pkg' for CMake config files
[0.358s] Level 1:colcon.colcon_core.shell:create_environment_hook('my_cpp_pkg', 'cmake_prefix_path')
[0.358s] INFO:colcon.colcon_core.shell:Creating environment hook '/home/erictom97/ros2_ws/install/my_cpp_pkg/share/my_cpp_pkg/hook/cmake_prefix_path.ps1'
[0.358s] INFO:colcon.colcon_core.shell:Creating environment descriptor '/home/erictom97/ros2_ws/install/my_cpp_pkg/share/my_cpp_pkg/hook/cmake_prefix_path.dsv'
[0.358s] INFO:colcon.colcon_core.shell:Creating environment hook '/home/erictom97/ros2_ws/install/my_cpp_pkg/share/my_cpp_pkg/hook/cmake_prefix_path.sh'
[0.359s] Level 1:colcon.colcon_core.environment:checking '/home/erictom97/ros2_ws/install/my_cpp_pkg/bin'
[0.359s] Level 1:colcon.colcon_core.environment:checking '/home/erictom97/ros2_ws/install/my_cpp_pkg/lib/pkgconfig/my_cpp_pkg.pc'
[0.359s] Level 1:colcon.colcon_core.environment:checking '/home/erictom97/ros2_ws/install/my_cpp_pkg/lib/python3.10/site-packages'
[0.359s] Level 1:colcon.colcon_core.environment:checking '/home/erictom97/ros2_ws/install/my_cpp_pkg/bin'
[0.359s] INFO:colcon.colcon_core.shell:Creating package script '/home/erictom97/ros2_ws/install/my_cpp_pkg/share/my_cpp_pkg/package.ps1'
[0.360s] INFO:colcon.colcon_core.shell:Creating package descriptor '/home/erictom97/ros2_ws/install/my_cpp_pkg/share/my_cpp_pkg/package.dsv'
[0.360s] INFO:colcon.colcon_core.shell:Creating package script '/home/erictom97/ros2_ws/install/my_cpp_pkg/share/my_cpp_pkg/package.sh'
[0.360s] INFO:colcon.colcon_core.shell:Creating package script '/home/erictom97/ros2_ws/install/my_cpp_pkg/share/my_cpp_pkg/package.bash'
[0.361s] INFO:colcon.colcon_core.shell:Creating package script '/home/erictom97/ros2_ws/install/my_cpp_pkg/share/my_cpp_pkg/package.zsh'
[0.361s] Level 1:colcon.colcon_core.environment:create_file_with_runtime_dependencies(/home/erictom97/ros2_ws/install/my_cpp_pkg/share/colcon-core/packages/my_cpp_pkg)
[0.372s] Level 1:colcon.colcon_core.environment:create_environment_scripts_only(my_cpp_pkg)
[0.372s] Level 1:colcon.colcon_core.environment:checking '/home/erictom97/ros2_ws/install/my_cpp_pkg' for CMake module files
[0.372s] Level 1:colcon.colcon_core.environment:checking '/home/erictom97/ros2_ws/install/my_cpp_pkg' for CMake config files
[0.372s] Level 1:colcon.colcon_core.shell:create_environment_hook('my_cpp_pkg', 'cmake_prefix_path')
[0.372s] INFO:colcon.colcon_core.shell:Creating environment hook '/home/erictom97/ros2_ws/install/my_cpp_pkg/share/my_cpp_pkg/hook/cmake_prefix_path.ps1'
[0.373s] INFO:colcon.colcon_core.shell:Creating environment descriptor '/home/erictom97/ros2_ws/install/my_cpp_pkg/share/my_cpp_pkg/hook/cmake_prefix_path.dsv'
[0.373s] INFO:colcon.colcon_core.shell:Creating environment hook '/home/erictom97/ros2_ws/install/my_cpp_pkg/share/my_cpp_pkg/hook/cmake_prefix_path.sh'
[0.373s] Level 1:colcon.colcon_core.environment:checking '/home/erictom97/ros2_ws/install/my_cpp_pkg/bin'
[0.373s] Level 1:colcon.colcon_core.environment:checking '/home/erictom97/ros2_ws/install/my_cpp_pkg/lib/pkgconfig/my_cpp_pkg.pc'
[0.373s] Level 1:colcon.colcon_core.environment:checking '/home/erictom97/ros2_ws/install/my_cpp_pkg/lib/python3.10/site-packages'
[0.373s] Level 1:colcon.colcon_core.environment:checking '/home/erictom97/ros2_ws/install/my_cpp_pkg/bin'
[0.373s] INFO:colcon.colcon_core.shell:Creating package script '/home/erictom97/ros2_ws/install/my_cpp_pkg/share/my_cpp_pkg/package.ps1'
[0.374s] INFO:colcon.colcon_core.shell:Creating package descriptor '/home/erictom97/ros2_ws/install/my_cpp_pkg/share/my_cpp_pkg/package.dsv'
[0.374s] INFO:colcon.colcon_core.shell:Creating package script '/home/erictom97/ros2_ws/install/my_cpp_pkg/share/my_cpp_pkg/package.sh'
[0.374s] INFO:colcon.colcon_core.shell:Creating package script '/home/erictom97/ros2_ws/install/my_cpp_pkg/share/my_cpp_pkg/package.bash'
[0.374s] INFO:colcon.colcon_core.shell:Creating package script '/home/erictom97/ros2_ws/install/my_cpp_pkg/share/my_cpp_pkg/package.zsh'
[0.375s] Level 1:colcon.colcon_core.environment:create_file_with_runtime_dependencies(/home/erictom97/ros2_ws/install/my_cpp_pkg/share/colcon-core/packages/my_cpp_pkg)
[0.505s] DEBUG:colcon.colcon_core.event_handler.log_command:Invoking command in '/home/erictom97/ros2_ws/src/my_py_pkg': PYTHONPATH=/home/erictom97/ros2_ws/build/my_py_pkg/prefix_override:/home/erictom97/ros2_ws/install/my_py_pkg/lib/python3.10/site-packages:${PYTHONPATH} /usr/bin/python3 -W ignore:setup.py install is deprecated setup.py egg_info --egg-base ../../build/my_py_pkg build --build-base /home/erictom97/ros2_ws/build/my_py_pkg/build install --record /home/erictom97/ros2_ws/build/my_py_pkg/install.log --single-version-externally-managed install_data
[0.649s] Level 1:colcon.colcon_core.environment:checking '/home/erictom97/ros2_ws/install/my_py_pkg' for CMake module files
[0.649s] DEBUG:colcon.colcon_core.event_handler.log_command:Invoked command in '/home/erictom97/ros2_ws/src/my_py_pkg' returned '0': PYTHONPATH=/home/erictom97/ros2_ws/build/my_py_pkg/prefix_override:/home/erictom97/ros2_ws/install/my_py_pkg/lib/python3.10/site-packages:${PYTHONPATH} /usr/bin/python3 -W ignore:setup.py install is deprecated setup.py egg_info --egg-base ../../build/my_py_pkg build --build-base /home/erictom97/ros2_ws/build/my_py_pkg/build install --record /home/erictom97/ros2_ws/build/my_py_pkg/install.log --single-version-externally-managed install_data
[0.649s] Level 1:colcon.colcon_core.environment:checking '/home/erictom97/ros2_ws/install/my_py_pkg' for CMake config files
[0.650s] Level 1:colcon.colcon_core.environment:checking '/home/erictom97/ros2_ws/install/my_py_pkg/lib'
[0.650s] Level 1:colcon.colcon_core.environment:checking '/home/erictom97/ros2_ws/install/my_py_pkg/bin'
[0.650s] Level 1:colcon.colcon_core.environment:checking '/home/erictom97/ros2_ws/install/my_py_pkg/lib/pkgconfig/my_py_pkg.pc'
[0.650s] Level 1:colcon.colcon_core.environment:checking '/home/erictom97/ros2_ws/install/my_py_pkg/lib/python3.10/site-packages'
[0.650s] Level 1:colcon.colcon_core.shell:create_environment_hook('my_py_pkg', 'pythonpath')
[0.650s] INFO:colcon.colcon_core.shell:Creating environment hook '/home/erictom97/ros2_ws/install/my_py_pkg/share/my_py_pkg/hook/pythonpath.ps1'
[0.650s] INFO:colcon.colcon_core.shell:Creating environment descriptor '/home/erictom97/ros2_ws/install/my_py_pkg/share/my_py_pkg/hook/pythonpath.dsv'
[0.651s] INFO:colcon.colcon_core.shell:Creating environment hook '/home/erictom97/ros2_ws/install/my_py_pkg/share/my_py_pkg/hook/pythonpath.sh'
[0.651s] Level 1:colcon.colcon_core.environment:checking '/home/erictom97/ros2_ws/install/my_py_pkg/bin'
[0.651s] Level 1:colcon.colcon_core.environment:create_environment_scripts_only(my_py_pkg)
[0.651s] INFO:colcon.colcon_core.shell:Creating package script '/home/erictom97/ros2_ws/install/my_py_pkg/share/my_py_pkg/package.ps1'
[0.651s] INFO:colcon.colcon_core.shell:Creating package descriptor '/home/erictom97/ros2_ws/install/my_py_pkg/share/my_py_pkg/package.dsv'
[0.651s] INFO:colcon.colcon_core.shell:Creating package script '/home/erictom97/ros2_ws/install/my_py_pkg/share/my_py_pkg/package.sh'
[0.652s] INFO:colcon.colcon_core.shell:Creating package script '/home/erictom97/ros2_ws/install/my_py_pkg/share/my_py_pkg/package.bash'
[0.652s] INFO:colcon.colcon_core.shell:Creating package script '/home/erictom97/ros2_ws/install/my_py_pkg/share/my_py_pkg/package.zsh'
[0.652s] Level 1:colcon.colcon_core.environment:create_file_with_runtime_dependencies(/home/erictom97/ros2_ws/install/my_py_pkg/share/colcon-core/packages/my_py_pkg)
[0.652s] DEBUG:colcon.colcon_parallel_executor.executor.parallel:closing loop
[0.653s] DEBUG:colcon.colcon_parallel_executor.executor.parallel:loop closed
[0.653s] DEBUG:colcon.colcon_parallel_executor.executor.parallel:run_until_complete finished with '0'
[0.653s] DEBUG:colcon.colcon_core.event_reactor:joining thread
[0.656s] INFO:colcon.colcon_core.plugin_system:Skipping extension 'colcon_notification.desktop_notification.terminal_notifier': Not used on non-Darwin systems
[0.656s] INFO:colcon.colcon_core.plugin_system:Skipping extension 'colcon_notification.desktop_notification.win32': Not used on non-Windows systems
[0.656s] INFO:colcon.colcon_notification.desktop_notification:Sending desktop notification using 'notify2'
[0.670s] DEBUG:colcon.colcon_core.event_reactor:joined thread
[0.670s] INFO:colcon.colcon_core.shell:Creating prefix script '/home/erictom97/ros2_ws/install/local_setup.ps1'
[0.671s] INFO:colcon.colcon_core.shell:Creating prefix util module '/home/erictom97/ros2_ws/install/_local_setup_util_ps1.py'
[0.672s] INFO:colcon.colcon_core.shell:Creating prefix chain script '/home/erictom97/ros2_ws/install/setup.ps1'
[0.672s] INFO:colcon.colcon_core.shell:Creating prefix script '/home/erictom97/ros2_ws/install/local_setup.sh'
[0.673s] INFO:colcon.colcon_core.shell:Creating prefix util module '/home/erictom97/ros2_ws/install/_local_setup_util_sh.py'
[0.673s] INFO:colcon.colcon_core.shell:Creating prefix chain script '/home/erictom97/ros2_ws/install/setup.sh'
[0.675s] INFO:colcon.colcon_core.shell:Creating prefix script '/home/erictom97/ros2_ws/install/local_setup.bash'
[0.676s] INFO:colcon.colcon_core.shell:Creating prefix chain script '/home/erictom97/ros2_ws/install/setup.bash'
[0.676s] INFO:colcon.colcon_core.shell:Creating prefix script '/home/erictom97/ros2_ws/install/local_setup.zsh'
[0.676s] INFO:colcon.colcon_core.shell:Creating prefix chain script '/home/erictom97/ros2_ws/install/setup.zsh'
