[0.005s] Invoking command in '/home/erictom97/ros2_ws/build/my_robot_interfaces': CMAKE_PREFIX_PATH=${CMAKE_PREFIX_PATH}:/home/erictom97/ros2_ws/install/my_py_pkg:/opt/ros/humble /usr/bin/cmake --build /home/erictom97/ros2_ws/build/my_robot_interfaces -- -j4 -l4
[0.033s] [35m[1mConsolidate compiler generated dependencies of target my_robot_interfaces__rosidl_generator_c[0m
[0.038s] [  2%] Built target my_robot_interfaces__cpp
[0.039s] [ 12%] Built target my_robot_interfaces__rosidl_generator_c
[0.044s] [35m[1mConsolidate compiler generated dependencies of target my_robot_interfaces__rosidl_typesupport_introspection_cpp[0m
[0.044s] [35m[1mConsolidate compiler generated dependencies of target my_robot_interfaces__rosidl_typesupport_fastrtps_cpp[0m
[0.045s] [35m[1mConsolidate compiler generated dependencies of target my_robot_interfaces__rosidl_typesupport_cpp[0m
[0.053s] [ 23%] Built target my_robot_interfaces__rosidl_typesupport_introspection_cpp
[0.057s] [ 33%] Built target my_robot_interfaces__rosidl_typesupport_cpp
[0.058s] [ 33%] Built target ament_cmake_python_copy_my_robot_interfaces
[0.060s] [35m[1mConsolidate compiler generated dependencies of target my_robot_interfaces__rosidl_typesupport_fastrtps_c[0m
[0.060s] [ 43%] Built target my_robot_interfaces__rosidl_typesupport_fastrtps_cpp
[0.067s] [35m[1mConsolidate compiler generated dependencies of target my_robot_interfaces__rosidl_typesupport_introspection_c[0m
[0.067s] [35m[1mConsolidate compiler generated dependencies of target my_robot_interfaces__rosidl_typesupport_c[0m
[0.073s] [ 53%] Built target my_robot_interfaces__rosidl_typesupport_fastrtps_c
[0.077s] [ 64%] Built target my_robot_interfaces__rosidl_typesupport_c
[0.077s] [ 74%] Built target my_robot_interfaces__rosidl_typesupport_introspection_c
[0.087s] [ 74%] Built target my_robot_interfaces
[0.099s] [ 76%] Built target my_robot_interfaces__py
[0.105s] [35m[1mConsolidate compiler generated dependencies of target my_robot_interfaces__rosidl_generator_py[0m
[0.114s] [ 84%] Built target my_robot_interfaces__rosidl_generator_py
[0.122s] [35m[1mConsolidate compiler generated dependencies of target my_robot_interfaces__rosidl_typesupport_fastrtps_c__pyext[0m
[0.123s] [35m[1mConsolidate compiler generated dependencies of target my_robot_interfaces__rosidl_typesupport_introspection_c__pyext[0m
[0.135s] [35m[1mConsolidate compiler generated dependencies of target my_robot_interfaces__rosidl_typesupport_c__pyext[0m
[0.135s] [ 89%] Built target my_robot_interfaces__rosidl_typesupport_introspection_c__pyext
[0.141s] [ 94%] Built target my_robot_interfaces__rosidl_typesupport_fastrtps_c__pyext
[0.142s] [100%] Built target my_robot_interfaces__rosidl_typesupport_c__pyext
[0.201s] running egg_info
[0.202s] writing my_robot_interfaces.egg-info/PKG-INFO
[0.202s] writing dependency_links to my_robot_interfaces.egg-info/dependency_links.txt
[0.202s] writing top-level names to my_robot_interfaces.egg-info/top_level.txt
[0.203s] reading manifest file 'my_robot_interfaces.egg-info/SOURCES.txt'
[0.203s] writing manifest file 'my_robot_interfaces.egg-info/SOURCES.txt'
[0.217s] [100%] Built target ament_cmake_python_build_my_robot_interfaces_egg
[0.222s] Invoked command in '/home/erictom97/ros2_ws/build/my_robot_interfaces' returned '0': CMAKE_PREFIX_PATH=${CMAKE_PREFIX_PATH}:/home/erictom97/ros2_ws/install/my_py_pkg:/opt/ros/humble /usr/bin/cmake --build /home/erictom97/ros2_ws/build/my_robot_interfaces -- -j4 -l4
[0.268s] Invoking command in '/home/erictom97/ros2_ws/build/my_robot_interfaces': CMAKE_PREFIX_PATH=${CMAKE_PREFIX_PATH}:/home/erictom97/ros2_ws/install/my_py_pkg:/opt/ros/humble /usr/bin/cmake --install /home/erictom97/ros2_ws/build/my_robot_interfaces
[0.272s] -- Install configuration: ""
[0.272s] -- Up-to-date: /home/erictom97/ros2_ws/install/my_robot_interfaces/share/ament_index/resource_index/rosidl_interfaces/my_robot_interfaces
[0.272s] -- Up-to-date: /home/erictom97/ros2_ws/install/my_robot_interfaces/include/my_robot_interfaces/my_robot_interfaces
[0.272s] -- Up-to-date: /home/erictom97/ros2_ws/install/my_robot_interfaces/include/my_robot_interfaces/my_robot_interfaces/srv
[0.272s] -- Up-to-date: /home/erictom97/ros2_ws/install/my_robot_interfaces/include/my_robot_interfaces/my_robot_interfaces/srv/compute_rectangle_area.h
[0.272s] -- Up-to-date: /home/erictom97/ros2_ws/install/my_robot_interfaces/include/my_robot_interfaces/my_robot_interfaces/srv/detail
[0.272s] -- Up-to-date: /home/erictom97/ros2_ws/install/my_robot_interfaces/include/my_robot_interfaces/my_robot_interfaces/srv/detail/compute_rectangle_area__functions.h
[0.272s] -- Up-to-date: /home/erictom97/ros2_ws/install/my_robot_interfaces/include/my_robot_interfaces/my_robot_interfaces/srv/detail/compute_rectangle_area__struct.h
[0.272s] -- Up-to-date: /home/erictom97/ros2_ws/install/my_robot_interfaces/include/my_robot_interfaces/my_robot_interfaces/srv/detail/compute_rectangle_area__type_support.h
[0.272s] -- Up-to-date: /home/erictom97/ros2_ws/install/my_robot_interfaces/include/my_robot_interfaces/my_robot_interfaces/srv/detail/compute_rectangle_area__functions.c
[0.272s] -- Up-to-date: /home/erictom97/ros2_ws/install/my_robot_interfaces/include/my_robot_interfaces/my_robot_interfaces/msg
[0.272s] -- Up-to-date: /home/erictom97/ros2_ws/install/my_robot_interfaces/include/my_robot_interfaces/my_robot_interfaces/msg/hardware_status.h
[0.272s] -- Up-to-date: /home/erictom97/ros2_ws/install/my_robot_interfaces/include/my_robot_interfaces/my_robot_interfaces/msg/rosidl_generator_c__visibility_control.h
[0.272s] -- Up-to-date: /home/erictom97/ros2_ws/install/my_robot_interfaces/include/my_robot_interfaces/my_robot_interfaces/msg/detail
[0.272s] -- Up-to-date: /home/erictom97/ros2_ws/install/my_robot_interfaces/include/my_robot_interfaces/my_robot_interfaces/msg/detail/hardware_status__functions.h
[0.272s] -- Up-to-date: /home/erictom97/ros2_ws/install/my_robot_interfaces/include/my_robot_interfaces/my_robot_interfaces/msg/detail/hardware_status__functions.c
[0.272s] -- Up-to-date: /home/erictom97/ros2_ws/install/my_robot_interfaces/include/my_robot_interfaces/my_robot_interfaces/msg/detail/hardware_status__type_support.h
[0.272s] -- Up-to-date: /home/erictom97/ros2_ws/install/my_robot_interfaces/include/my_robot_interfaces/my_robot_interfaces/msg/detail/hardware_status__struct.h
[0.273s] -- Up-to-date: /home/erictom97/ros2_ws/install/my_robot_interfaces/share/my_robot_interfaces/environment/library_path.sh
[0.273s] -- Up-to-date: /home/erictom97/ros2_ws/install/my_robot_interfaces/share/my_robot_interfaces/environment/library_path.dsv
[0.273s] -- Up-to-date: /home/erictom97/ros2_ws/install/my_robot_interfaces/lib/libmy_robot_interfaces__rosidl_generator_c.so
[0.273s] -- Up-to-date: /home/erictom97/ros2_ws/install/my_robot_interfaces/include/my_robot_interfaces/my_robot_interfaces
[0.273s] -- Up-to-date: /home/erictom97/ros2_ws/install/my_robot_interfaces/include/my_robot_interfaces/my_robot_interfaces/srv
[0.273s] -- Up-to-date: /home/erictom97/ros2_ws/install/my_robot_interfaces/include/my_robot_interfaces/my_robot_interfaces/srv/detail
[0.273s] -- Up-to-date: /home/erictom97/ros2_ws/install/my_robot_interfaces/include/my_robot_interfaces/my_robot_interfaces/srv/detail/compute_rectangle_area__rosidl_typesupport_fastrtps_c.h
[0.273s] -- Up-to-date: /home/erictom97/ros2_ws/install/my_robot_interfaces/include/my_robot_interfaces/my_robot_interfaces/msg
[0.273s] -- Up-to-date: /home/erictom97/ros2_ws/install/my_robot_interfaces/include/my_robot_interfaces/my_robot_interfaces/msg/rosidl_typesupport_fastrtps_c__visibility_control.h
[0.273s] -- Up-to-date: /home/erictom97/ros2_ws/install/my_robot_interfaces/include/my_robot_interfaces/my_robot_interfaces/msg/detail
[0.273s] -- Up-to-date: /home/erictom97/ros2_ws/install/my_robot_interfaces/include/my_robot_interfaces/my_robot_interfaces/msg/detail/hardware_status__rosidl_typesupport_fastrtps_c.h
[0.273s] -- Up-to-date: /home/erictom97/ros2_ws/install/my_robot_interfaces/lib/libmy_robot_interfaces__rosidl_typesupport_fastrtps_c.so
[0.273s] -- Up-to-date: /home/erictom97/ros2_ws/install/my_robot_interfaces/include/my_robot_interfaces/my_robot_interfaces
[0.273s] -- Up-to-date: /home/erictom97/ros2_ws/install/my_robot_interfaces/include/my_robot_interfaces/my_robot_interfaces/srv
[0.273s] -- Up-to-date: /home/erictom97/ros2_ws/install/my_robot_interfaces/include/my_robot_interfaces/my_robot_interfaces/srv/detail
[0.273s] -- Up-to-date: /home/erictom97/ros2_ws/install/my_robot_interfaces/include/my_robot_interfaces/my_robot_interfaces/srv/detail/compute_rectangle_area__rosidl_typesupport_introspection_c.h
[0.273s] -- Up-to-date: /home/erictom97/ros2_ws/install/my_robot_interfaces/include/my_robot_interfaces/my_robot_interfaces/srv/detail/compute_rectangle_area__type_support.c
[0.274s] -- Up-to-date: /home/erictom97/ros2_ws/install/my_robot_interfaces/include/my_robot_interfaces/my_robot_interfaces/msg
[0.274s] -- Up-to-date: /home/erictom97/ros2_ws/install/my_robot_interfaces/include/my_robot_interfaces/my_robot_interfaces/msg/rosidl_typesupport_introspection_c__visibility_control.h
[0.274s] -- Up-to-date: /home/erictom97/ros2_ws/install/my_robot_interfaces/include/my_robot_interfaces/my_robot_interfaces/msg/detail
[0.274s] -- Up-to-date: /home/erictom97/ros2_ws/install/my_robot_interfaces/include/my_robot_interfaces/my_robot_interfaces/msg/detail/hardware_status__type_support.c
[0.274s] -- Up-to-date: /home/erictom97/ros2_ws/install/my_robot_interfaces/include/my_robot_interfaces/my_robot_interfaces/msg/detail/hardware_status__rosidl_typesupport_introspection_c.h
[0.274s] -- Up-to-date: /home/erictom97/ros2_ws/install/my_robot_interfaces/lib/libmy_robot_interfaces__rosidl_typesupport_introspection_c.so
[0.274s] -- Up-to-date: /home/erictom97/ros2_ws/install/my_robot_interfaces/lib/libmy_robot_interfaces__rosidl_typesupport_c.so
[0.274s] -- Up-to-date: /home/erictom97/ros2_ws/install/my_robot_interfaces/include/my_robot_interfaces/my_robot_interfaces
[0.274s] -- Up-to-date: /home/erictom97/ros2_ws/install/my_robot_interfaces/include/my_robot_interfaces/my_robot_interfaces/srv
[0.274s] -- Up-to-date: /home/erictom97/ros2_ws/install/my_robot_interfaces/include/my_robot_interfaces/my_robot_interfaces/srv/compute_rectangle_area.hpp
[0.274s] -- Up-to-date: /home/erictom97/ros2_ws/install/my_robot_interfaces/include/my_robot_interfaces/my_robot_interfaces/srv/detail
[0.274s] -- Up-to-date: /home/erictom97/ros2_ws/install/my_robot_interfaces/include/my_robot_interfaces/my_robot_interfaces/srv/detail/compute_rectangle_area__traits.hpp
[0.274s] -- Up-to-date: /home/erictom97/ros2_ws/install/my_robot_interfaces/include/my_robot_interfaces/my_robot_interfaces/srv/detail/compute_rectangle_area__builder.hpp
[0.274s] -- Up-to-date: /home/erictom97/ros2_ws/install/my_robot_interfaces/include/my_robot_interfaces/my_robot_interfaces/srv/detail/compute_rectangle_area__struct.hpp
[0.274s] -- Up-to-date: /home/erictom97/ros2_ws/install/my_robot_interfaces/include/my_robot_interfaces/my_robot_interfaces/msg
[0.274s] -- Up-to-date: /home/erictom97/ros2_ws/install/my_robot_interfaces/include/my_robot_interfaces/my_robot_interfaces/msg/hardware_status.hpp
[0.274s] -- Up-to-date: /home/erictom97/ros2_ws/install/my_robot_interfaces/include/my_robot_interfaces/my_robot_interfaces/msg/detail
[0.274s] -- Up-to-date: /home/erictom97/ros2_ws/install/my_robot_interfaces/include/my_robot_interfaces/my_robot_interfaces/msg/detail/hardware_status__traits.hpp
[0.274s] -- Up-to-date: /home/erictom97/ros2_ws/install/my_robot_interfaces/include/my_robot_interfaces/my_robot_interfaces/msg/detail/hardware_status__struct.hpp
[0.274s] -- Up-to-date: /home/erictom97/ros2_ws/install/my_robot_interfaces/include/my_robot_interfaces/my_robot_interfaces/msg/detail/hardware_status__builder.hpp
[0.274s] -- Up-to-date: /home/erictom97/ros2_ws/install/my_robot_interfaces/include/my_robot_interfaces/my_robot_interfaces
[0.274s] -- Up-to-date: /home/erictom97/ros2_ws/install/my_robot_interfaces/include/my_robot_interfaces/my_robot_interfaces/srv
[0.274s] -- Up-to-date: /home/erictom97/ros2_ws/install/my_robot_interfaces/include/my_robot_interfaces/my_robot_interfaces/srv/detail
[0.274s] -- Up-to-date: /home/erictom97/ros2_ws/install/my_robot_interfaces/include/my_robot_interfaces/my_robot_interfaces/srv/detail/compute_rectangle_area__rosidl_typesupport_fastrtps_cpp.hpp
[0.274s] -- Up-to-date: /home/erictom97/ros2_ws/install/my_robot_interfaces/include/my_robot_interfaces/my_robot_interfaces/srv/detail/dds_fastrtps
[0.274s] -- Up-to-date: /home/erictom97/ros2_ws/install/my_robot_interfaces/include/my_robot_interfaces/my_robot_interfaces/msg
[0.274s] -- Up-to-date: /home/erictom97/ros2_ws/install/my_robot_interfaces/include/my_robot_interfaces/my_robot_interfaces/msg/rosidl_typesupport_fastrtps_cpp__visibility_control.h
[0.274s] -- Up-to-date: /home/erictom97/ros2_ws/install/my_robot_interfaces/include/my_robot_interfaces/my_robot_interfaces/msg/detail
[0.274s] -- Up-to-date: /home/erictom97/ros2_ws/install/my_robot_interfaces/include/my_robot_interfaces/my_robot_interfaces/msg/detail/hardware_status__rosidl_typesupport_fastrtps_cpp.hpp
[0.275s] -- Up-to-date: /home/erictom97/ros2_ws/install/my_robot_interfaces/include/my_robot_interfaces/my_robot_interfaces/msg/detail/dds_fastrtps
[0.275s] -- Up-to-date: /home/erictom97/ros2_ws/install/my_robot_interfaces/lib/libmy_robot_interfaces__rosidl_typesupport_fastrtps_cpp.so
[0.275s] -- Up-to-date: /home/erictom97/ros2_ws/install/my_robot_interfaces/include/my_robot_interfaces/my_robot_interfaces
[0.275s] -- Up-to-date: /home/erictom97/ros2_ws/install/my_robot_interfaces/include/my_robot_interfaces/my_robot_interfaces/srv
[0.275s] -- Up-to-date: /home/erictom97/ros2_ws/install/my_robot_interfaces/include/my_robot_interfaces/my_robot_interfaces/srv/detail
[0.275s] -- Up-to-date: /home/erictom97/ros2_ws/install/my_robot_interfaces/include/my_robot_interfaces/my_robot_interfaces/srv/detail/compute_rectangle_area__rosidl_typesupport_introspection_cpp.hpp
[0.275s] -- Up-to-date: /home/erictom97/ros2_ws/install/my_robot_interfaces/include/my_robot_interfaces/my_robot_interfaces/srv/detail/compute_rectangle_area__type_support.cpp
[0.275s] -- Up-to-date: /home/erictom97/ros2_ws/install/my_robot_interfaces/include/my_robot_interfaces/my_robot_interfaces/msg
[0.275s] -- Up-to-date: /home/erictom97/ros2_ws/install/my_robot_interfaces/include/my_robot_interfaces/my_robot_interfaces/msg/detail
[0.275s] -- Up-to-date: /home/erictom97/ros2_ws/install/my_robot_interfaces/include/my_robot_interfaces/my_robot_interfaces/msg/detail/hardware_status__rosidl_typesupport_introspection_cpp.hpp
[0.275s] -- Up-to-date: /home/erictom97/ros2_ws/install/my_robot_interfaces/include/my_robot_interfaces/my_robot_interfaces/msg/detail/hardware_status__type_support.cpp
[0.275s] -- Up-to-date: /home/erictom97/ros2_ws/install/my_robot_interfaces/lib/libmy_robot_interfaces__rosidl_typesupport_introspection_cpp.so
[0.275s] -- Up-to-date: /home/erictom97/ros2_ws/install/my_robot_interfaces/lib/libmy_robot_interfaces__rosidl_typesupport_cpp.so
[0.275s] -- Up-to-date: /home/erictom97/ros2_ws/install/my_robot_interfaces/share/my_robot_interfaces/environment/pythonpath.sh
[0.275s] -- Up-to-date: /home/erictom97/ros2_ws/install/my_robot_interfaces/share/my_robot_interfaces/environment/pythonpath.dsv
[0.275s] -- Up-to-date: /home/erictom97/ros2_ws/install/my_robot_interfaces/local/lib/python3.10/dist-packages/my_robot_interfaces-0.0.0-py3.10.egg-info
[0.275s] -- Installing: /home/erictom97/ros2_ws/install/my_robot_interfaces/local/lib/python3.10/dist-packages/my_robot_interfaces-0.0.0-py3.10.egg-info/dependency_links.txt
[0.275s] -- Installing: /home/erictom97/ros2_ws/install/my_robot_interfaces/local/lib/python3.10/dist-packages/my_robot_interfaces-0.0.0-py3.10.egg-info/PKG-INFO
[0.275s] -- Installing: /home/erictom97/ros2_ws/install/my_robot_interfaces/local/lib/python3.10/dist-packages/my_robot_interfaces-0.0.0-py3.10.egg-info/top_level.txt
[0.275s] -- Installing: /home/erictom97/ros2_ws/install/my_robot_interfaces/local/lib/python3.10/dist-packages/my_robot_interfaces-0.0.0-py3.10.egg-info/SOURCES.txt
[0.275s] -- Up-to-date: /home/erictom97/ros2_ws/install/my_robot_interfaces/local/lib/python3.10/dist-packages/my_robot_interfaces
[0.275s] -- Up-to-date: /home/erictom97/ros2_ws/install/my_robot_interfaces/local/lib/python3.10/dist-packages/my_robot_interfaces/srv
[0.275s] -- Up-to-date: /home/erictom97/ros2_ws/install/my_robot_interfaces/local/lib/python3.10/dist-packages/my_robot_interfaces/srv/__init__.py
[0.275s] -- Up-to-date: /home/erictom97/ros2_ws/install/my_robot_interfaces/local/lib/python3.10/dist-packages/my_robot_interfaces/srv/_compute_rectangle_area_s.c
[0.275s] -- Up-to-date: /home/erictom97/ros2_ws/install/my_robot_interfaces/local/lib/python3.10/dist-packages/my_robot_interfaces/srv/_compute_rectangle_area.py
[0.276s] -- Up-to-date: /home/erictom97/ros2_ws/install/my_robot_interfaces/local/lib/python3.10/dist-packages/my_robot_interfaces/__init__.py
[0.276s] -- Up-to-date: /home/erictom97/ros2_ws/install/my_robot_interfaces/local/lib/python3.10/dist-packages/my_robot_interfaces/my_robot_interfaces_s__rosidl_typesupport_c.cpython-310-aarch64-linux-gnu.so
[0.276s] -- Up-to-date: /home/erictom97/ros2_ws/install/my_robot_interfaces/local/lib/python3.10/dist-packages/my_robot_interfaces/libmy_robot_interfaces__rosidl_generator_py.so
[0.276s] -- Up-to-date: /home/erictom97/ros2_ws/install/my_robot_interfaces/local/lib/python3.10/dist-packages/my_robot_interfaces/my_robot_interfaces_s__rosidl_typesupport_introspection_c.cpython-310-aarch64-linux-gnu.so
[0.276s] -- Up-to-date: /home/erictom97/ros2_ws/install/my_robot_interfaces/local/lib/python3.10/dist-packages/my_robot_interfaces/_my_robot_interfaces_s.ep.rosidl_typesupport_introspection_c.c
[0.276s] -- Up-to-date: /home/erictom97/ros2_ws/install/my_robot_interfaces/local/lib/python3.10/dist-packages/my_robot_interfaces/msg
[0.276s] -- Up-to-date: /home/erictom97/ros2_ws/install/my_robot_interfaces/local/lib/python3.10/dist-packages/my_robot_interfaces/msg/_hardware_status_s.c
[0.276s] -- Up-to-date: /home/erictom97/ros2_ws/install/my_robot_interfaces/local/lib/python3.10/dist-packages/my_robot_interfaces/msg/__init__.py
[0.276s] -- Up-to-date: /home/erictom97/ros2_ws/install/my_robot_interfaces/local/lib/python3.10/dist-packages/my_robot_interfaces/msg/_hardware_status.py
[0.276s] -- Up-to-date: /home/erictom97/ros2_ws/install/my_robot_interfaces/local/lib/python3.10/dist-packages/my_robot_interfaces/_my_robot_interfaces_s.ep.rosidl_typesupport_c.c
[0.276s] -- Up-to-date: /home/erictom97/ros2_ws/install/my_robot_interfaces/local/lib/python3.10/dist-packages/my_robot_interfaces/my_robot_interfaces_s__rosidl_typesupport_fastrtps_c.cpython-310-aarch64-linux-gnu.so
[0.276s] -- Up-to-date: /home/erictom97/ros2_ws/install/my_robot_interfaces/local/lib/python3.10/dist-packages/my_robot_interfaces/_my_robot_interfaces_s.ep.rosidl_typesupport_fastrtps_c.c
[0.291s] Listing '/home/erictom97/ros2_ws/install/my_robot_interfaces/local/lib/python3.10/dist-packages/my_robot_interfaces'...
[0.291s] Listing '/home/erictom97/ros2_ws/install/my_robot_interfaces/local/lib/python3.10/dist-packages/my_robot_interfaces/msg'...
[0.291s] Listing '/home/erictom97/ros2_ws/install/my_robot_interfaces/local/lib/python3.10/dist-packages/my_robot_interfaces/srv'...
[0.294s] -- Up-to-date: /home/erictom97/ros2_ws/install/my_robot_interfaces/local/lib/python3.10/dist-packages/my_robot_interfaces/my_robot_interfaces_s__rosidl_typesupport_fastrtps_c.cpython-310-aarch64-linux-gnu.so
[0.294s] -- Up-to-date: /home/erictom97/ros2_ws/install/my_robot_interfaces/local/lib/python3.10/dist-packages/my_robot_interfaces/my_robot_interfaces_s__rosidl_typesupport_introspection_c.cpython-310-aarch64-linux-gnu.so
[0.294s] -- Up-to-date: /home/erictom97/ros2_ws/install/my_robot_interfaces/local/lib/python3.10/dist-packages/my_robot_interfaces/my_robot_interfaces_s__rosidl_typesupport_c.cpython-310-aarch64-linux-gnu.so
[0.295s] -- Up-to-date: /home/erictom97/ros2_ws/install/my_robot_interfaces/lib/libmy_robot_interfaces__rosidl_generator_py.so
[0.295s] -- Up-to-date: /home/erictom97/ros2_ws/install/my_robot_interfaces/share/my_robot_interfaces/msg/HardwareStatus.idl
[0.295s] -- Up-to-date: /home/erictom97/ros2_ws/install/my_robot_interfaces/share/my_robot_interfaces/srv/ComputeRectangleArea.idl
[0.295s] -- Up-to-date: /home/erictom97/ros2_ws/install/my_robot_interfaces/share/my_robot_interfaces/msg/HardwareStatus.msg
[0.295s] -- Up-to-date: /home/erictom97/ros2_ws/install/my_robot_interfaces/share/my_robot_interfaces/srv/ComputeRectangleArea.srv
[0.295s] -- Up-to-date: /home/erictom97/ros2_ws/install/my_robot_interfaces/share/my_robot_interfaces/srv/ComputeRectangleArea_Request.msg
[0.295s] -- Up-to-date: /home/erictom97/ros2_ws/install/my_robot_interfaces/share/my_robot_interfaces/srv/ComputeRectangleArea_Response.msg
[0.295s] -- Up-to-date: /home/erictom97/ros2_ws/install/my_robot_interfaces/share/ament_index/resource_index/package_run_dependencies/my_robot_interfaces
[0.295s] -- Up-to-date: /home/erictom97/ros2_ws/install/my_robot_interfaces/share/ament_index/resource_index/parent_prefix_path/my_robot_interfaces
[0.295s] -- Up-to-date: /home/erictom97/ros2_ws/install/my_robot_interfaces/share/my_robot_interfaces/environment/ament_prefix_path.sh
[0.295s] -- Up-to-date: /home/erictom97/ros2_ws/install/my_robot_interfaces/share/my_robot_interfaces/environment/ament_prefix_path.dsv
[0.295s] -- Up-to-date: /home/erictom97/ros2_ws/install/my_robot_interfaces/share/my_robot_interfaces/environment/path.sh
[0.295s] -- Up-to-date: /home/erictom97/ros2_ws/install/my_robot_interfaces/share/my_robot_interfaces/environment/path.dsv
[0.295s] -- Up-to-date: /home/erictom97/ros2_ws/install/my_robot_interfaces/share/my_robot_interfaces/local_setup.bash
[0.296s] -- Up-to-date: /home/erictom97/ros2_ws/install/my_robot_interfaces/share/my_robot_interfaces/local_setup.sh
[0.296s] -- Up-to-date: /home/erictom97/ros2_ws/install/my_robot_interfaces/share/my_robot_interfaces/local_setup.zsh
[0.296s] -- Up-to-date: /home/erictom97/ros2_ws/install/my_robot_interfaces/share/my_robot_interfaces/local_setup.dsv
[0.296s] -- Installing: /home/erictom97/ros2_ws/install/my_robot_interfaces/share/my_robot_interfaces/package.dsv
[0.296s] -- Up-to-date: /home/erictom97/ros2_ws/install/my_robot_interfaces/share/ament_index/resource_index/packages/my_robot_interfaces
[0.296s] -- Up-to-date: /home/erictom97/ros2_ws/install/my_robot_interfaces/share/my_robot_interfaces/cmake/export_my_robot_interfaces__rosidl_generator_cExport.cmake
[0.296s] -- Up-to-date: /home/erictom97/ros2_ws/install/my_robot_interfaces/share/my_robot_interfaces/cmake/export_my_robot_interfaces__rosidl_generator_cExport-noconfig.cmake
[0.296s] -- Up-to-date: /home/erictom97/ros2_ws/install/my_robot_interfaces/share/my_robot_interfaces/cmake/export_my_robot_interfaces__rosidl_typesupport_fastrtps_cExport.cmake
[0.296s] -- Up-to-date: /home/erictom97/ros2_ws/install/my_robot_interfaces/share/my_robot_interfaces/cmake/export_my_robot_interfaces__rosidl_typesupport_fastrtps_cExport-noconfig.cmake
[0.296s] -- Up-to-date: /home/erictom97/ros2_ws/install/my_robot_interfaces/share/my_robot_interfaces/cmake/my_robot_interfaces__rosidl_typesupport_introspection_cExport.cmake
[0.296s] -- Up-to-date: /home/erictom97/ros2_ws/install/my_robot_interfaces/share/my_robot_interfaces/cmake/my_robot_interfaces__rosidl_typesupport_introspection_cExport-noconfig.cmake
[0.296s] -- Up-to-date: /home/erictom97/ros2_ws/install/my_robot_interfaces/share/my_robot_interfaces/cmake/my_robot_interfaces__rosidl_typesupport_cExport.cmake
[0.296s] -- Up-to-date: /home/erictom97/ros2_ws/install/my_robot_interfaces/share/my_robot_interfaces/cmake/my_robot_interfaces__rosidl_typesupport_cExport-noconfig.cmake
[0.296s] -- Up-to-date: /home/erictom97/ros2_ws/install/my_robot_interfaces/share/my_robot_interfaces/cmake/export_my_robot_interfaces__rosidl_generator_cppExport.cmake
[0.296s] -- Up-to-date: /home/erictom97/ros2_ws/install/my_robot_interfaces/share/my_robot_interfaces/cmake/export_my_robot_interfaces__rosidl_typesupport_fastrtps_cppExport.cmake
[0.296s] -- Up-to-date: /home/erictom97/ros2_ws/install/my_robot_interfaces/share/my_robot_interfaces/cmake/export_my_robot_interfaces__rosidl_typesupport_fastrtps_cppExport-noconfig.cmake
[0.296s] -- Up-to-date: /home/erictom97/ros2_ws/install/my_robot_interfaces/share/my_robot_interfaces/cmake/my_robot_interfaces__rosidl_typesupport_introspection_cppExport.cmake
[0.296s] -- Up-to-date: /home/erictom97/ros2_ws/install/my_robot_interfaces/share/my_robot_interfaces/cmake/my_robot_interfaces__rosidl_typesupport_introspection_cppExport-noconfig.cmake
[0.296s] -- Up-to-date: /home/erictom97/ros2_ws/install/my_robot_interfaces/share/my_robot_interfaces/cmake/my_robot_interfaces__rosidl_typesupport_cppExport.cmake
[0.297s] -- Up-to-date: /home/erictom97/ros2_ws/install/my_robot_interfaces/share/my_robot_interfaces/cmake/my_robot_interfaces__rosidl_typesupport_cppExport-noconfig.cmake
[0.297s] -- Up-to-date: /home/erictom97/ros2_ws/install/my_robot_interfaces/share/my_robot_interfaces/cmake/export_my_robot_interfaces__rosidl_generator_pyExport.cmake
[0.297s] -- Up-to-date: /home/erictom97/ros2_ws/install/my_robot_interfaces/share/my_robot_interfaces/cmake/export_my_robot_interfaces__rosidl_generator_pyExport-noconfig.cmake
[0.297s] -- Up-to-date: /home/erictom97/ros2_ws/install/my_robot_interfaces/share/my_robot_interfaces/cmake/rosidl_cmake-extras.cmake
[0.297s] -- Up-to-date: /home/erictom97/ros2_ws/install/my_robot_interfaces/share/my_robot_interfaces/cmake/ament_cmake_export_include_directories-extras.cmake
[0.297s] -- Up-to-date: /home/erictom97/ros2_ws/install/my_robot_interfaces/share/my_robot_interfaces/cmake/ament_cmake_export_libraries-extras.cmake
[0.297s] -- Up-to-date: /home/erictom97/ros2_ws/install/my_robot_interfaces/share/my_robot_interfaces/cmake/ament_cmake_export_targets-extras.cmake
[0.297s] -- Up-to-date: /home/erictom97/ros2_ws/install/my_robot_interfaces/share/my_robot_interfaces/cmake/rosidl_cmake_export_typesupport_targets-extras.cmake
[0.297s] -- Up-to-date: /home/erictom97/ros2_ws/install/my_robot_interfaces/share/my_robot_interfaces/cmake/ament_cmake_export_dependencies-extras.cmake
[0.297s] -- Up-to-date: /home/erictom97/ros2_ws/install/my_robot_interfaces/share/my_robot_interfaces/cmake/rosidl_cmake_export_typesupport_libraries-extras.cmake
[0.297s] -- Up-to-date: /home/erictom97/ros2_ws/install/my_robot_interfaces/share/my_robot_interfaces/cmake/my_robot_interfacesConfig.cmake
[0.297s] -- Up-to-date: /home/erictom97/ros2_ws/install/my_robot_interfaces/share/my_robot_interfaces/cmake/my_robot_interfacesConfig-version.cmake
[0.297s] -- Up-to-date: /home/erictom97/ros2_ws/install/my_robot_interfaces/share/my_robot_interfaces/package.xml
[0.298s] Invoked command in '/home/erictom97/ros2_ws/build/my_robot_interfaces' returned '0': CMAKE_PREFIX_PATH=${CMAKE_PREFIX_PATH}:/home/erictom97/ros2_ws/install/my_py_pkg:/opt/ros/humble /usr/bin/cmake --install /home/erictom97/ros2_ws/build/my_robot_interfaces
